Log file open, 02/25/19 21:27:44
LogWindows: Failed to load 'aqProf.dll' (GetLastError=126)
LogWindows: File 'aqProf.dll' does not exist
LogWindows: Failed to load 'VSPerf140.dll' (GetLastError=126)
LogWindows: File 'VSPerf140.dll' does not exist
LogWindows: Failed to load 'VtuneApi.dll' (GetLastError=126)
LogWindows: File 'VtuneApi.dll' does not exist
LogWindows: Failed to load 'VtuneApi32e.dll' (GetLastError=126)
LogWindows: File 'VtuneApi32e.dll' does not exist
LogInit: Display: Running engine for game: NWB_ICWhiteBox001
LogPlatformFile: Not using cached read wrapper
LogTaskGraph: Started task graph with 5 named threads and 23 total threads with 3 sets of task threads.
LogStats: Stats thread started at 0.351677
LogD3D11RHI: Loaded GFSDK_Aftermath_Lib.x64.dll
LogICUInternationalization: Display: ICU TimeZone Detection - Raw Offset: -7:00, Platform Override: ''
LogPluginManager: Mounting plugin Paper2D
LogPluginManager: Mounting plugin AISupport
LogPluginManager: Mounting plugin LightPropagationVolume
LogPluginManager: Mounting plugin CLionSourceCodeAccess
LogPluginManager: Mounting plugin CodeLiteSourceCodeAccess
LogPluginManager: Mounting plugin GitSourceControl
LogPluginManager: Mounting plugin KDevelopSourceCodeAccess
LogPluginManager: Mounting plugin NullSourceCodeAccess
LogPluginManager: Mounting plugin PerforceSourceControl
LogPluginManager: Mounting plugin SubversionSourceControl
LogPluginManager: Mounting plugin UObjectPlugin
LogPluginManager: Mounting plugin VisualStudioCodeSourceCodeAccess
LogPluginManager: Mounting plugin VisualStudioSourceCodeAccess
LogPluginManager: Mounting plugin XCodeSourceCodeAccess
LogPluginManager: Mounting plugin AssetManagerEditor
LogPluginManager: Mounting plugin CryptoKeys
LogPluginManager: Mounting plugin DataValidation
LogPluginManager: Mounting plugin EditorScriptingUtilities
LogPluginManager: Mounting plugin FacialAnimation
LogPluginManager: Mounting plugin GameplayTagsEditor
LogPluginManager: Mounting plugin MacGraphicsSwitching
LogPluginManager: Mounting plugin MeshEditor
LogPluginManager: Mounting plugin MobileLauncherProfileWizard
LogPluginManager: Mounting plugin PluginBrowser
LogPluginManager: Mounting plugin SpeedTreeImporter
LogPluginManager: Mounting plugin DatasmithContent
LogPluginManager: Mounting plugin AlembicImporter
LogPluginManager: Mounting plugin AppleImageUtils
LogPluginManager: Mounting plugin AppleVision
LogPluginManager: Mounting plugin BackChannel
LogPluginManager: Mounting plugin CharacterAI
LogPluginManager: Mounting plugin GeometryCache
LogPluginManager: Mounting plugin HTML5Networking
LogPluginManager: Mounting plugin ProxyLODPlugin
LogPluginManager: Mounting plugin MagicLeap
LogPluginManager: Mounting plugin MagicLeapEmulator
LogPluginManager: Mounting plugin MagicLeapMedia
LogPluginManager: Mounting plugin AndroidMedia
LogPluginManager: Mounting plugin AvfMedia
LogPluginManager: Mounting plugin ImgMedia
LogPluginManager: Mounting plugin LinearTimecode
LogPluginManager: Mounting plugin MediaCompositing
LogPluginManager: Mounting plugin MediaPlayerEditor
LogPluginManager: Mounting plugin WmfMedia
LogPluginManager: Mounting plugin TcpMessaging
LogPluginManager: Mounting plugin UdpMessaging
LogPluginManager: Mounting plugin ActorSequence
LogPluginManager: Mounting plugin LevelSequenceEditor
LogPluginManager: Mounting plugin MatineeToLevelSequence
LogPluginManager: Mounting plugin NetcodeUnitTest
LogPluginManager: Mounting plugin NUTUnrealEngine4
LogPluginManager: Mounting plugin OnlineSubsystemGooglePlay
LogPluginManager: Mounting plugin OnlineSubsystemIOS
LogPluginManager: Mounting plugin OnlineSubsystem
LogPluginManager: Mounting plugin OnlineSubsystemNull
LogPluginManager: Mounting plugin OnlineSubsystemUtils
LogPluginManager: Mounting plugin LauncherChunkInstaller
LogPluginManager: Mounting plugin AndroidDeviceProfileSelector
LogPluginManager: Mounting plugin AndroidMoviePlayer
LogPluginManager: Mounting plugin AndroidPermission
LogPluginManager: Mounting plugin AppleMoviePlayer
LogPluginManager: Mounting plugin ArchVisCharacter
LogPluginManager: Mounting plugin AudioCapture
LogPluginManager: Mounting plugin CableComponent
LogPluginManager: Mounting plugin CustomMeshComponent
LogPluginManager: Mounting plugin EditableMesh
LogPluginManager: Mounting plugin ExampleDeviceProfileSelector
LogPluginManager: Mounting plugin GoogleCloudMessaging
LogPluginManager: Mounting plugin ImmediatePhysics
LogPluginManager: Mounting plugin IOSDeviceProfileSelector
LogPluginManager: Mounting plugin LinuxDeviceProfileSelector
LogPluginManager: Mounting plugin LocationServicesBPLibrary
LogPluginManager: Mounting plugin MobilePatchingUtils
LogPluginManager: Mounting plugin OculusVR
LogPluginManager: Plugin shader directory ../../../Engine/Plugins/Runtime/Oculus/OculusVR/Shaders found
LogPluginManager: Mapping shader source directory ../../../Engine/Plugins/Runtime/Oculus/OculusVR/Shaders to virtual directory /Plugin/OculusVR
LogPluginManager: Mounting plugin PhysXVehicles
LogPluginManager: Mounting plugin ProceduralMeshComponent
LogPluginManager: Mounting plugin RuntimePhysXCooking
LogPluginManager: Mounting plugin SteamVR
LogPluginManager: Mounting plugin WindowsMoviePlayer
LogPluginManager: Mounting plugin DatasmithCADImporter
LogPluginManager: Mounting plugin DatasmithFBXImporter
LogPluginManager: Mounting plugin DatasmithImporter
LogPluginManager: Mounting plugin DatasmithMDLImporter
LogPluginManager: Mounting plugin StaticMeshEditorExtension
LogStreaming: Display: Took  0.183s to configure plugins.
LogInit: Using libcurl 7.55.1-DEV
LogInit:  - built for x86_64-pc-win32
LogInit:  - supports SSL with OpenSSL/1.0.2h
LogInit:  - supports HTTP deflate (compression) using libz 1.2.8
LogInit:  - other features:
LogInit:      CURL_VERSION_SSL
LogInit:      CURL_VERSION_LIBZ
LogInit:      CURL_VERSION_IPV6
LogInit:      CURL_VERSION_ASYNCHDNS
LogInit:      CURL_VERSION_LARGEFILE
LogInit:      CURL_VERSION_IDN
LogInit:  CurlRequestOptions (configurable via config and command line):
LogInit:  - bVerifyPeer = false  - Libcurl will NOT verify peer certificate
LogInit:  - bUseHttpProxy = false  - Libcurl will NOT use HTTP proxy
LogInit:  - bDontReuseConnections = false  - Libcurl will reuse connections
LogInit:  - CertBundlePath = nullptr  - Libcurl will use whatever was configured at build time.
LogInit:  - MaxHostConnections = 16  - Libcurl will limit the number of connections to a host
LogInit:  - LocalHostAddr = Default
LogInit:  - BufferSize = 65536
LogInit: WinSock: version 1.1 (2.2), MaxSocks=32767, MaxUdp=65467
LogInit: Build: ++UE4+Release-4.20-CL-4369336
LogInit: Engine Version: 4.20.3-4369336+++UE4+Release-4.20
LogInit: Compatible Engine Version: 4.20.0-4212847+++UE4+Release-4.20
LogInit: Net CL: 4212847
LogInit: OS: Windows 10 (), CPU: Intel(R) Core(TM) i7-7700HQ CPU @ 2.80GHz, GPU: Intel(R) HD Graphics 630
LogInit: Compiled (64-bit): Sep 17 2018 12:26:19
LogInit: Compiled with Visual C++: 19.13.26129.00
LogInit: Build Configuration: Development
LogInit: Branch Name: ++UE4+Release-4.20
LogInit: Command Line: -EpicPortal  -epicusername="HomicidaIWaffle" -epicuserid=862b485bedcf49af8d9fd83609d792c8 -epiclocale=en-US
LogInit: Base Directory: D:/Epic Games/UE_4.20/Engine/Binaries/Win64/
LogInit: Installed Engine Build: 1
LogDevObjectVersion: Number of dev versions registered: 20
LogDevObjectVersion:   Dev-Blueprints (B0D832E4-1F89-4F0D-ACCF-7EB736FD4AA2): 10
LogDevObjectVersion:   Dev-Build (E1C64328-A22C-4D53-A36C-8E866417BD8C): 0
LogDevObjectVersion:   Dev-Core (375EC13C-06E4-48FB-B500-84F0262A717E): 2
LogDevObjectVersion:   Dev-Editor (E4B068ED-F494-42E9-A231-DA0B2E46BB41): 24
LogDevObjectVersion:   Dev-Framework (CFFC743F-43B0-4480-9391-14DF171D2073): 34
LogDevObjectVersion:   Dev-Mobile (B02B49B5-BB20-44E9-A304-32B752E40360): 2
LogDevObjectVersion:   Dev-Networking (A4E4105C-59A1-49B5-A7C5-40C4547EDFEE): 0
LogDevObjectVersion:   Dev-Online (39C831C9-5AE6-47DC-9A44-9C173E1C8E7C): 0
LogDevObjectVersion:   Dev-Physics (78F01B33-EBEA-4F98-B9B4-84EACCB95AA2): 0
LogDevObjectVersion:   Dev-Platform (6631380F-2D4D-43E0-8009-CF276956A95A): 0
LogDevObjectVersion:   Dev-Rendering (12F88B9F-8875-4AFC-A67C-D90C383ABD29): 26
LogDevObjectVersion:   Dev-Sequencer (7B5AE74C-D270-4C10-A958-57980B212A5A): 9
LogDevObjectVersion:   Dev-VR (D7296918-1DD6-4BDD-9DE2-64A83CC13884): 2
LogDevObjectVersion:   Dev-LoadTimes (C2A15278-BFE7-4AFE-6C17-90FF531DF755): 1
LogDevObjectVersion:   Private-Geometry (6EACA3D4-40EC-4CC1-B786-8BED09428FC5): 3
LogDevObjectVersion:   Dev-AnimPhys (29E575DD-E0A3-4627-9D10-D276232CDCEA): 17
LogDevObjectVersion:   Dev-ReflectionCapture (6B266CEC-1EC7-4B8F-A30B-E4D90942FC07): 1
LogDevObjectVersion:   Dev-Automation (0DF73D61-A23F-47EA-B727-89E90C41499A): 1
LogDevObjectVersion:   FortniteMain (601D1886-AC64-4F84-AA16-D3DE0DEAC7D6): 12
LogDevObjectVersion:   Dev-Enterprise (9DFFBCD6-494F-0158-E221-12823C92A888): 1
LogStreaming: Display: Took  0.004s to delete old logs.
LogInit: Presizing for max 8388607 objects, including 0 objects not considered by GC, pre-allocating 0 bytes for permanent pool.
LogInit: Object subsystem initialized
[2019.02.26-04.27.44:630][  0]LogInit: Selected Device Profile: [Windows]
[2019.02.26-04.27.44:630][  0]LogInit: Applying CVar settings loaded from the selected device profile: [Windows]
[2019.02.26-04.27.44:642][  0]LogHAL: Display: Platform has ~ 8 GB [8505839616 / 8589934592 / 8], which maps to Default [LargestMinGB=32, LargerMinGB=12, DefaultMinGB=8, SmallerMinGB=6, SmallestMinGB=0)
[2019.02.26-04.27.44:642][  0]LogInit: Setting Device Profile CVar: [[r.Vulkan.UseRealUBs:1]]
[2019.02.26-04.27.44:642][  0]LogInit: Going up to parent DeviceProfile []
[2019.02.26-04.27.44:643][  0]LogInit: Computer: DESKTOP-SPN81TQ
[2019.02.26-04.27.44:643][  0]LogInit: User: boles
[2019.02.26-04.27.44:643][  0]LogInit: CPU Page size=4096, Cores=4
[2019.02.26-04.27.44:643][  0]LogInit: High frequency timer resolution =2.742182 MHz
[2019.02.26-04.27.44:643][  0]LogMemory: Memory total: Physical=7.9GB (8GB approx)
[2019.02.26-04.27.44:643][  0]LogMemory: Platform Memory Stats for Windows
[2019.02.26-04.27.44:643][  0]LogMemory: Process Physical Memory: 99.74 MB used, 99.74 MB peak
[2019.02.26-04.27.44:643][  0]LogMemory: Process Virtual Memory: 91.19 MB used, 91.19 MB peak
[2019.02.26-04.27.44:643][  0]LogMemory: Physical Memory: 5390.64 MB used,  2721.16 MB free, 8111.80 MB total
[2019.02.26-04.27.44:643][  0]LogMemory: Virtual Memory: 4645.24 MB used,  2721.16 MB free, 134217728.00 MB total
[2019.02.26-04.27.44:676][  0]LogInit: Using OS detected language (en-US).
[2019.02.26-04.27.44:676][  0]LogInit: Using OS detected locale (en-US).
[2019.02.26-04.27.44:678][  0]LogTextLocalizationManager: No specific localization for 'en-US' exists, so the 'en' localization will be used.
[2019.02.26-04.27.45:144][  0]LogStreaming: Display: Took  0.468s to InitEngineTextLocalization.
[2019.02.26-04.27.45:144][  0]LogInit: Setting process to per monitor DPI aware
[2019.02.26-04.27.45:167][  0]LogSlate: New Slate User Created.  User Index 0, Is Virtual User: 0
[2019.02.26-04.27.45:167][  0]LogSlate: Slate User Registered.  User Index 0, Is Virtual User: 0
[2019.02.26-04.27.45:579][  0]LogHMD: Failed to initialize OpenVR with code 110
[2019.02.26-04.27.45:579][  0]LogD3D11RHI: D3D11 adapters:
[2019.02.26-04.27.45:669][  0]LogD3D11RHI:    0. 'NVIDIA GeForce GTX 1050 Ti' (Feature Level 11_0)
[2019.02.26-04.27.45:669][  0]LogD3D11RHI:       4018/0/4055 MB DedicatedVideo/DedicatedSystem/SharedSystem, Outputs:1, VendorId:0x10de
[2019.02.26-04.27.45:690][  0]LogD3D11RHI:    1. 'Intel(R) HD Graphics 630' (Feature Level 11_0)
[2019.02.26-04.27.45:690][  0]LogD3D11RHI:       128/0/4055 MB DedicatedVideo/DedicatedSystem/SharedSystem, Outputs:1, VendorId:0x8086
[2019.02.26-04.27.45:693][  0]LogD3D11RHI:    2. 'Microsoft Basic Render Driver' (Feature Level 11_0)
[2019.02.26-04.27.45:694][  0]LogD3D11RHI:       0/0/4055 MB DedicatedVideo/DedicatedSystem/SharedSystem, Outputs:0, VendorId:0x1414
[2019.02.26-04.27.45:694][  0]LogD3D11RHI: Chosen D3D11 Adapter: 0
[2019.02.26-04.27.45:705][  0]LogD3D11RHI: Creating new Direct3DDevice
[2019.02.26-04.27.45:706][  0]LogD3D11RHI:     GPU DeviceId: 0x1c8c (for the marketing name, search the web for "GPU Device Id")
[2019.02.26-04.27.45:706][  0]LogWindows: EnumDisplayDevices:
[2019.02.26-04.27.45:706][  0]LogWindows:    0. 'Intel(R) HD Graphics 630' (P:0 D:1)
[2019.02.26-04.27.45:706][  0]LogWindows:    1. 'Intel(R) HD Graphics 630' (P:0 D:0)
[2019.02.26-04.27.45:707][  0]LogWindows:    2. 'Intel(R) HD Graphics 630' (P:0 D:0)
[2019.02.26-04.27.45:707][  0]LogWindows:    3. 'NVIDIA GeForce GTX 1050 Ti' (P:1 D:1)
[2019.02.26-04.27.45:707][  0]LogWindows: DebugString: PrimaryIsNotTheChoosenAdapter PrimaryIsNotTheChoosenAdapter PrimaryIsNotTheChoosenAdapter 
[2019.02.26-04.27.45:707][  0]LogD3D11RHI:     Adapter Name: NVIDIA GeForce GTX 1050 Ti
[2019.02.26-04.27.45:707][  0]LogD3D11RHI:   Driver Version: 416.94 (internal:25.21.14.1694, unified:416.94)
[2019.02.26-04.27.45:707][  0]LogD3D11RHI:      Driver Date: 11-12-2018
[2019.02.26-04.27.45:707][  0]LogRHI: Texture pool is 2812 MB (70% of 4018 MB)
[2019.02.26-04.27.45:760][  0]LogD3D11RHI: Async texture creation enabled
[2019.02.26-04.27.45:786][  0]LogD3D11RHI: GPU Timing Frequency: 1000.000000 (Debug: 2 2)
[2019.02.26-04.27.45:836][  0]LogShaderCompilers: Guid format shader working directory is -30 characters bigger than the processId version (C:/Users/boles/OneDrive/Documents/GitHub/NWB_AssetPipeline/NWB_ICWhiteBox001/Intermediate/Shaders/WorkingDirectory/9888/).
[2019.02.26-04.27.45:836][  0]LogShaderCompilers: Cleaned the shader compiler working directory 'C:/Users/boles/AppData/Local/Temp/UnrealShaderWorkingDir/CE8EDEFF49764F234D8C36A0A2743604/'.
[2019.02.26-04.27.46:167][  0]LogTemp: Display: Loaded TP AllDesktopTargetPlatform
[2019.02.26-04.27.46:182][  0]LogTemp: Display: Loaded TP MacClientTargetPlatform
[2019.02.26-04.27.46:195][  0]LogTemp: Display: Loaded TP MacNoEditorTargetPlatform
[2019.02.26-04.27.46:210][  0]LogTemp: Display: Loaded TP MacServerTargetPlatform
[2019.02.26-04.27.46:224][  0]LogTemp: Display: Loaded TP MacTargetPlatform
[2019.02.26-04.27.46:237][  0]LogTemp: Display: Loaded TP WindowsClientTargetPlatform
[2019.02.26-04.27.46:252][  0]LogTemp: Display: Loaded TP WindowsNoEditorTargetPlatform
[2019.02.26-04.27.46:266][  0]LogTemp: Display: Loaded TP WindowsServerTargetPlatform
[2019.02.26-04.27.46:272][  0]LogTemp: Display: Loaded TP WindowsTargetPlatform
[2019.02.26-04.27.46:358][  0]LogTemp: Display: Loaded TP AndroidTargetPlatform
[2019.02.26-04.27.46:358][  0]LogTemp: Display: Loaded TP AndroidTargetPlatform
[2019.02.26-04.27.46:358][  0]LogTemp: Display: Loaded TP AndroidTargetPlatform
[2019.02.26-04.27.46:358][  0]LogTemp: Display: Loaded TP AndroidTargetPlatform
[2019.02.26-04.27.46:358][  0]LogTemp: Display: Loaded TP AndroidTargetPlatform
[2019.02.26-04.27.46:358][  0]LogTemp: Display: Loaded TP AndroidTargetPlatform
[2019.02.26-04.27.46:358][  0]LogTemp: Display: Loaded TP AndroidTargetPlatform
[2019.02.26-04.27.46:358][  0]LogTemp: Display: Loaded TP AndroidTargetPlatform
[2019.02.26-04.27.46:358][  0]LogTemp: Display: Loaded TP AndroidTargetPlatform
[2019.02.26-04.27.46:358][  0]LogTemp: Display: Loaded TP AndroidTargetPlatform
[2019.02.26-04.27.46:358][  0]LogTemp: Display: Loaded TP AndroidTargetPlatform
[2019.02.26-04.27.46:358][  0]LogTemp: Display: Loaded TP AndroidTargetPlatform
[2019.02.26-04.27.46:358][  0]LogTemp: Display: Loaded TP AndroidTargetPlatform
[2019.02.26-04.27.46:358][  0]LogTemp: Display: Loaded TP AndroidTargetPlatform
[2019.02.26-04.27.46:358][  0]LogTemp: Display: Loaded TP AndroidTargetPlatform
[2019.02.26-04.27.46:358][  0]LogTemp: Display: Loaded TP AndroidTargetPlatform
[2019.02.26-04.27.46:358][  0]LogTemp: Display: Loaded TP AndroidTargetPlatform
[2019.02.26-04.27.46:358][  0]LogTemp: Display: Loaded TP AndroidTargetPlatform
[2019.02.26-04.27.46:360][  0]LogTemp: Display: Loaded TP HTML5TargetPlatform
[2019.02.26-04.27.46:423][  0]LogTemp: Display: Loaded TP IOSTargetPlatform
[2019.02.26-04.27.46:423][  0]LogTemp: Display: Loaded TP IOSTargetPlatform
[2019.02.26-04.27.46:448][  0]LogTemp: Display: Loaded TP TVOSTargetPlatform
[2019.02.26-04.27.46:448][  0]LogTemp: Display: Loaded TP TVOSTargetPlatform
[2019.02.26-04.27.46:461][  0]LogTemp: Display: Loaded TP LinuxClientTargetPlatform
[2019.02.26-04.27.46:475][  0]LogTemp: Display: Loaded TP LinuxNoEditorTargetPlatform
[2019.02.26-04.27.46:489][  0]LogTemp: Display: Loaded TP LinuxServerTargetPlatform
[2019.02.26-04.27.46:504][  0]LogTemp: Display: Loaded TP LinuxTargetPlatform
[2019.02.26-04.27.46:513][  0]LogTemp: Display: Loaded TP LuminTargetPlatform
[2019.02.26-04.27.46:514][  0]LogTargetPlatformManager: Display: Building Assets For Windows
[2019.02.26-04.27.46:573][  0]LogXGEController: Cannot use XGE Controller as Incredibuild is not installed on this machine.
[2019.02.26-04.27.46:573][  0]LogShaderCompilers: Cannot use XGE Shader Compiler as Incredibuild is not installed on this machine.
[2019.02.26-04.27.46:573][  0]LogShaderCompilers: Display: Using Local Shader Compiler.
[2019.02.26-04.27.47:382][  0]LogDerivedDataCache: Display: Max Cache Size: 512 MB
[2019.02.26-04.27.47:460][  0]LogDerivedDataCache: Loaded boot cache 0.08s 72MB C:/Users/boles/AppData/Local/UnrealEngine/4.20/DerivedDataCache/Boot.ddc.
[2019.02.26-04.27.47:460][  0]LogDerivedDataCache: Display: Loaded Boot cache: C:/Users/boles/AppData/Local/UnrealEngine/4.20/DerivedDataCache/Boot.ddc
[2019.02.26-04.27.47:460][  0]LogDerivedDataCache: FDerivedDataBackendGraph:  Pak pak cache file C:/Users/boles/OneDrive/Documents/GitHub/NWB_AssetPipeline/NWB_ICWhiteBox001/DerivedDataCache/DDC.ddp not found, will not use a pak cache.
[2019.02.26-04.27.47:461][  0]LogDerivedDataCache: Unable to find inner node Pak for hierarchical cache Hierarchy.
[2019.02.26-04.27.47:461][  0]LogDerivedDataCache: FDerivedDataBackendGraph:  CompressedPak pak cache file C:/Users/boles/OneDrive/Documents/GitHub/NWB_AssetPipeline/NWB_ICWhiteBox001/DerivedDataCache/Compressed.ddp not found, will not use a pak cache.
[2019.02.26-04.27.47:461][  0]LogDerivedDataCache: Unable to find inner node CompressedPak for hierarchical cache Hierarchy.
[2019.02.26-04.27.47:475][  0]LogDerivedDataCache: Display: Pak cache opened for reading ../../../Engine/DerivedDataCache/Compressed.ddp.
[2019.02.26-04.27.47:488][  0]LogDerivedDataCache: Using Local data cache path C:/Users/boles/AppData/Local/UnrealEngine/Common/DerivedDataCache: Writable
[2019.02.26-04.27.47:488][  0]LogDerivedDataCache: Shared data cache path not found in *engine.ini, will not use an Shared cache.
[2019.02.26-04.27.47:488][  0]LogDerivedDataCache: Unable to find inner node Shared for hierarchical cache Hierarchy.
[2019.02.26-04.27.47:507][  0]LogMaterial: Verifying Global Shaders for PCD3D_SM5
[2019.02.26-04.27.47:508][  0]LogSlate: Using FreeType 2.6.0
[2019.02.26-04.27.47:509][  0]LogSlate: SlateFontServices - WITH_FREETYPE: 1, WITH_HARFBUZZ: 1
[2019.02.26-04.27.47:609][  0]LogAssetRegistry: FAssetRegistry took 0.0268 seconds to start up
[2019.02.26-04.27.47:975][  0]LogInit: Selected Device Profile: [Windows]
[2019.02.26-04.27.48:125][  0]LogSimplygon: Simplygon DLL not present - disabling.
[2019.02.26-04.27.48:135][  0]LogMeshReduction: Using SimplygonSwarm for distributed automatic mesh merging
[2019.02.26-04.27.48:135][  0]LogMeshReduction: Using ProxyLODMeshReduction for automatic mesh merging
[2019.02.26-04.27.48:135][  0]LogMeshReduction: Using QuadricMeshReduction for automatic static mesh reduction
[2019.02.26-04.27.48:135][  0]LogMeshReduction: No automatic skeletal mesh reduction module available
[2019.02.26-04.27.48:157][  0]LogNetVersion: NWB_ICWhiteBox001 1.0.0, NetCL: 4212847, EngineNetVer: 5, GameNetVer: 0 (Checksum: 2160163544)
[2019.02.26-04.27.48:898][  0]LogPackageLocalizationCache: Processed 13 localized package path(s) for 2 prioritized culture(s) in 0.139835 seconds
[2019.02.26-04.27.48:905][  0]LogUObjectArray: 38425 objects as part of root set at end of initial load.
[2019.02.26-04.27.48:905][  0]LogUObjectAllocator: 6690872 out of 0 bytes used by permanent object pool.
[2019.02.26-04.27.48:905][  0]LogUObjectArray: CloseDisregardForGC: 0/0 objects in disregard for GC pool
[2019.02.26-04.27.50:093][  0]LogTcpMessaging: Initializing TcpMessaging bridge
[2019.02.26-04.27.50:107][  0]LogUdpMessaging: Initializing bridge on interface 0.0.0.0:0 to multicast group 230.0.0.1:6666.
[2019.02.26-04.27.50:293][  0]SourceControl: Source control is disabled
[2019.02.26-04.27.50:293][  0]SourceControl: Source control is disabled
[2019.02.26-04.27.50:295][  0]SourceControl: Source control is disabled
[2019.02.26-04.27.50:296][  0]SourceControl: Source control is disabled
[2019.02.26-04.27.50:653][  0]LogAndroidPermission: UAndroidPermissionCallbackProxy::GetInstance
[2019.02.26-04.27.50:809][  0]LogOcInput: OculusInput pre-init called
[2019.02.26-04.28.05:828][  0]LogEngine: Initializing Engine...
[2019.02.26-04.28.05:830][  0]LogHMD: Failed to initialize OpenVR with code 110
[2019.02.26-04.28.05:831][  0]LogStats: UGameplayTagsManager::ConstructGameplayTagTree: ImportINI prefixes -  0.000 s
[2019.02.26-04.28.05:831][  0]LogStats: UGameplayTagsManager::ConstructGameplayTagTree: Construct from data asset -  0.000 s
[2019.02.26-04.28.05:831][  0]LogStats: UGameplayTagsManager::ConstructGameplayTagTree: ImportINI -  0.000 s
[2019.02.26-04.28.05:831][  0]LogStats: UGameplayTagsManager::ConstructGameplayTagTree: GameplayTagTreeChangedEvent.Broadcast -  0.000 s
[2019.02.26-04.28.06:087][  0]LogInit: Initializing FReadOnlyCVARCache
[2019.02.26-04.28.06:101][  0]LogAIModule: Creating AISystem for world Untitled
[2019.02.26-04.28.06:222][  0]LogInit: XAudio2 using 'Headset Earphone (Razer Kraken 7.1 V2)' : 2 channels at 48 kHz using 16 bits per sample (channel mask 0x3)
[2019.02.26-04.28.06:299][  0]LogInit: FAudioDevice initialized.
[2019.02.26-04.28.06:300][  0]LogNetVersion: Set ProjectVersion to 1.0.0.0. Version Checksum will be recalculated on next use.
[2019.02.26-04.28.06:474][  0]LogDerivedDataCache: Saved boot cache 0.17s 72MB C:/Users/boles/AppData/Local/UnrealEngine/4.20/DerivedDataCache/Boot.ddc.
[2019.02.26-04.28.06:475][  0]LogInit: Texture streaming: Enabled
[2019.02.26-04.28.06:494][  0]LogEngineSessionManager: EngineSessionManager initialized
[2019.02.26-04.28.06:557][  0]LogInit: Transaction tracking system initialized
[2019.02.26-04.28.06:576][  0]BlueprintLog: New page: Editor Load
[2019.02.26-04.28.06:648][  0]LocalizationService: Localization service is disabled
[2019.02.26-04.28.07:036][  0]LogFileCache: Scanning file cache for directory 'C:/Users/boles/OneDrive/Documents/GitHub/NWB_AssetPipeline/NWB_ICWhiteBox001/Content/' took 0.01s
[2019.02.26-04.28.07:036][  0]LogCook: Display: Max memory allowance for cook 16384mb min free memory 0mb
[2019.02.26-04.28.07:037][  0]LogCook: Display: Mobile HDR setting 1
[2019.02.26-04.28.07:049][  0]LogGameplayTags: Display: UGameplayTagsManager::DoneAddingNativeTags. DelegateIsBound: 0
[2019.02.26-04.28.07:049][  0]LogStats: UGameplayTagsManager::ConstructGameplayTagTree: ImportINI prefixes -  0.000 s
[2019.02.26-04.28.07:049][  0]LogStats: UGameplayTagsManager::ConstructGameplayTagTree: Construct from data asset -  0.000 s
[2019.02.26-04.28.07:049][  0]LogStats: UGameplayTagsManager::ConstructGameplayTagTree: ImportINI -  0.000 s
[2019.02.26-04.28.07:049][  0]LogStats: UGameplayTagsManager::ConstructGameplayTagTree: GameplayTagTreeChangedEvent.Broadcast -  0.000 s
[2019.02.26-04.28.10:567][  0]SourceControl: Source control is disabled
[2019.02.26-04.28.10:567][  0]Cmd: MAP LOAD FILE="../../../Engine/Content/Maps/Templates/Template_Default.umap" TEMPLATE=1 SHOWPROGRESS=1 FEATURELEVEL=3
[2019.02.26-04.28.10:568][  0]LightingResults: New page: Lighting Build
[2019.02.26-04.28.10:570][  0]MapCheck: New page: Map Check
[2019.02.26-04.28.10:570][  0]LightingResults: New page: Lighting Build
[2019.02.26-04.28.10:821][  0]LogAIModule: Creating AISystem for world Untitled_1
[2019.02.26-04.28.10:833][  0]LogEditorServer: Finished looking for orphan Actors (0.000 secs)
[2019.02.26-04.28.10:858][  0]Cmd: MAP CHECKDEP NOCLEARLOG
[2019.02.26-04.28.10:949][  0]MapCheck: Map check complete: 0 Error(s), 0 Warning(s), took 91.021ms to complete.
[2019.02.26-04.28.10:949][  0]LogFileHelpers: Loading map 'Template_Default' took 0.382
[2019.02.26-04.28.12:202][  0]LogSlate: Updating window title bar state: overlay mode, drag disabled, window buttons hidden, title bar hidden
[2019.02.26-04.28.12:315][  0]LogSlate: Updating window title bar state: overlay mode, drag disabled, window buttons hidden, title bar hidden
[2019.02.26-04.28.12:323][  0]LogSlate: Updating window title bar state: overlay mode, drag disabled, window buttons hidden, title bar hidden
[2019.02.26-04.28.12:331][  0]LogSlate: Updating window title bar state: overlay mode, drag disabled, window buttons hidden, title bar hidden
[2019.02.26-04.28.12:347][  0]LogCollectionManager: Loaded 0 collections in 0.001989 seconds
[2019.02.26-04.28.12:474][  0]LogFileCache: Scanning file cache for directory 'C:/Users/boles/OneDrive/Documents/GitHub/NWB_AssetPipeline/NWB_ICWhiteBox001/Saved/Collections/' took 0.01s
[2019.02.26-04.28.12:474][  0]LogFileCache: Scanning file cache for directory 'C:/Users/boles/OneDrive/Documents/GitHub/NWB_AssetPipeline/NWB_ICWhiteBox001/Content/Developers/boles/Collections/' took 0.01s
[2019.02.26-04.28.12:474][  0]LogFileCache: Scanning file cache for directory 'C:/Users/boles/OneDrive/Documents/GitHub/NWB_AssetPipeline/NWB_ICWhiteBox001/Content/Collections/' took 0.01s
[2019.02.26-04.28.12:474][  0]LogCollectionManager: Rebuilt the GUID cache for 0 collections in 0.000000 seconds
[2019.02.26-04.28.12:485][  0]LogContentBrowser: Native class hierarchy populated in 0.0103 seconds. Added 2621 classes and 629 folders.
[2019.02.26-04.28.12:549][  0]LogContentBrowser: Native class hierarchy updated for 'WidgetCarousel' in 0.0002 seconds. Added 0 classes and 0 folders.
[2019.02.26-04.28.15:068][  0]LogContentBrowser: Native class hierarchy updated for 'AddContentDialog' in 0.0003 seconds. Added 0 classes and 0 folders.
[2019.02.26-04.28.15:284][  0]LogContentBrowser: Native class hierarchy updated for 'SceneOutliner' in 0.0003 seconds. Added 1 classes and 2 folders.
[2019.02.26-04.28.15:855][  0]LogSlate: Took 0.000280 seconds to synchronously load lazily loaded font '../../../Engine/Content/Slate/Fonts/Roboto-Regular.ttf' (155K)
[2019.02.26-04.28.15:858][  0]LogSlate: Took 0.000298 seconds to synchronously load lazily loaded font '../../../Engine/Content/Slate/Fonts/Roboto-Bold.ttf' (160K)
[2019.02.26-04.28.15:913][  0]LogSlate: Took 0.011419 seconds to synchronously load lazily loaded font '../../../Engine/Content/Editor/Slate/Fonts/FontAwesome.ttf' (139K)
[2019.02.26-04.28.16:297][  0]LogRenderer: Reallocating scene render targets to support 1208x660 Format 10 NumSamples 1 (Frame:1).
[2019.02.26-04.28.16:670][  0]LogContentBrowser: Native class hierarchy updated for 'HierarchicalLODOutliner' in 0.0003 seconds. Added 0 classes and 0 folders.
[2019.02.26-04.28.16:670][  0]LogLoad: (Engine Initialization) Total time: 35.74 seconds
[2019.02.26-04.28.16:670][  0]LogLoad: (Engine Initialization) Total Blueprint compile time: 0.00 seconds
[2019.02.26-04.28.16:767][  0]LogContentStreaming: Texture pool size now 1000 MB
[2019.02.26-04.28.16:859][  1]LogAssetRegistry: Asset discovery search completed in 29.2729 seconds
[2019.02.26-04.28.16:861][  1]LogCollectionManager: Rebuilt the object cache for 0 collections in 0.000000 seconds (found 0 objects)
[2019.02.26-04.28.16:861][  1]LogCollectionManager: Fixed up redirectors for 0 collections in 0.000067 seconds (updated 0 objects)
[2019.02.26-04.28.20:867][ 13]LogSlate: Took 0.000236 seconds to synchronously load lazily loaded font '../../../Engine/Content/Slate/Fonts/Roboto-Light.ttf' (167K)
[2019.02.26-04.31.41:594][611]LogSlate: Window 'NWB_ICWhiteBox001 - Unreal Editor' being destroyed
[2019.02.26-04.31.41:596][611]LogWindowsTextInputMethodSystem: Display: IME system now deactivated.
[2019.02.26-04.31.42:049][612]Cmd: QUIT_EDITOR
[2019.02.26-04.31.42:124][612]LogExit: Preparing to exit.
[2019.02.26-04.31.42:296][612]LogExit: Editor shut down
[2019.02.26-04.31.42:296][612]LogExit: Transaction tracking system shut down
[2019.02.26-04.31.42:787][612]LogExit: Object subsystem successfully closed.
[2019.02.26-04.31.42:803][612]LogShaderCompilers: Display: Shaders left to compile 0
[2019.02.26-04.31.42:807][612]LogD3D11RHI: Shutdown
[2019.02.26-04.31.42:807][612]LogD3D11RHI: CleanupD3DDevice
[2019.02.26-04.31.42:834][612]LogD3D11RHI: ~FD3D11DynamicRHI
[2019.02.26-04.31.42:861][612]LogModuleManager: Shutting down and abandoning module HierarchicalLODOutliner (630)
[2019.02.26-04.31.42:861][612]LogModuleManager: Shutting down and abandoning module SceneOutliner (628)
[2019.02.26-04.31.42:861][612]LogModuleManager: Shutting down and abandoning module AddContentDialog (626)
[2019.02.26-04.31.42:862][612]LogModuleManager: Shutting down and abandoning module WidgetCarousel (625)
[2019.02.26-04.31.42:862][612]LogModuleManager: Shutting down and abandoning module EditorWidgets (622)
[2019.02.26-04.31.42:862][612]LogModuleManager: Shutting down and abandoning module CollectionManager (620)
[2019.02.26-04.31.42:862][612]LogModuleManager: Shutting down and abandoning module HierarchicalLODUtilities (618)
[2019.02.26-04.31.42:862][612]LogModuleManager: Shutting down and abandoning module StatsViewer (616)
[2019.02.26-04.31.42:862][612]LogModuleManager: Shutting down and abandoning module FoliageEdit (614)
[2019.02.26-04.31.42:862][612]LogModuleManager: Shutting down and abandoning module LandscapeEditor (612)
[2019.02.26-04.31.42:862][612]LogModuleManager: Shutting down and abandoning module MeshPaintMode (610)
[2019.02.26-04.31.42:862][612]LogModuleManager: Shutting down and abandoning module SceneDepthPickerMode (608)
[2019.02.26-04.31.42:862][612]LogModuleManager: Shutting down and abandoning module ActorPickerMode (606)
[2019.02.26-04.31.42:862][612]LogModuleManager: Shutting down and abandoning module GeometryMode (604)
[2019.02.26-04.31.42:862][612]LogModuleManager: Shutting down and abandoning module TextureAlignMode (602)
[2019.02.26-04.31.42:862][612]LogModuleManager: Shutting down and abandoning module BspMode (600)
[2019.02.26-04.31.42:862][612]LogModuleManager: Shutting down and abandoning module PIEPreviewDeviceProfileSelector (598)
[2019.02.26-04.31.42:862][612]LogModuleManager: Shutting down and abandoning module SequenceRecorderSections (596)
[2019.02.26-04.31.42:862][612]LogModuleManager: Shutting down and abandoning module AutomationWorker (594)
[2019.02.26-04.31.42:863][612]LogModuleManager: Shutting down and abandoning module DatasmithFBXImporter (592)
[2019.02.26-04.31.42:863][612]LogModuleManager: Shutting down and abandoning module DatasmithDeltaGenImporter (590)
[2019.02.26-04.31.42:863][612]LogModuleManager: Shutting down and abandoning module DatasmithVREDImporter (588)
[2019.02.26-04.31.42:863][612]LogModuleManager: Shutting down and abandoning module AudioCaptureEditor (586)
[2019.02.26-04.31.42:863][612]LogModuleManager: Shutting down and abandoning module SequenceRecorder (585)
[2019.02.26-04.31.42:863][612]LogModuleManager: Shutting down and abandoning module MatineeToLevelSequence (582)
[2019.02.26-04.31.42:863][612]LogModuleManager: Shutting down and abandoning module LevelSequenceEditor (580)
[2019.02.26-04.31.42:863][612]LogModuleManager: Shutting down and abandoning module PlacementMode (579)
[2019.02.26-04.31.42:863][612]LogModuleManager: Shutting down and abandoning module MaterialEditor (578)
[2019.02.26-04.31.42:863][612]LogModuleManager: Shutting down and abandoning module WmfMediaFactory (574)
[2019.02.26-04.31.42:863][612]LogModuleManager: Shutting down and abandoning module WmfMediaEditor (572)
[2019.02.26-04.31.42:863][612]LogModuleManager: Shutting down and abandoning module MediaPlayerEditor (570)
[2019.02.26-04.31.42:863][612]LogModuleManager: Shutting down and abandoning module OpenExrWrapper (568)
[2019.02.26-04.31.42:863][612]LogModuleManager: Shutting down and abandoning module ImgMediaFactory (566)
[2019.02.26-04.31.42:863][612]LogModuleManager: Shutting down and abandoning module ImgMediaEditor (564)
[2019.02.26-04.31.42:863][612]LogModuleManager: Shutting down and abandoning module AvfMediaFactory (562)
[2019.02.26-04.31.42:863][612]LogModuleManager: Shutting down and abandoning module AvfMediaEditor (560)
[2019.02.26-04.31.42:863][612]LogModuleManager: Shutting down and abandoning module AndroidMediaFactory (558)
[2019.02.26-04.31.42:863][612]LogModuleManager: Shutting down and abandoning module AndroidMediaEditor (556)
[2019.02.26-04.31.42:863][612]LogModuleManager: Shutting down and abandoning module MagicLeapCameraPreviewFactory (554)
[2019.02.26-04.31.42:863][612]LogModuleManager: Shutting down and abandoning module MagicLeapMediaFactory (552)
[2019.02.26-04.31.42:863][612]LogModuleManager: Shutting down and abandoning module MagicLeapMediaEditor (550)
[2019.02.26-04.31.42:863][612]LogModuleManager: Shutting down and abandoning module CharacterAI (548)
[2019.02.26-04.31.42:863][612]LogModuleManager: Shutting down and abandoning module SmartSnapping (546)
[2019.02.26-04.31.42:863][612]LogModuleManager: Shutting down and abandoning module SessionServices (544)
[2019.02.26-04.31.42:863][612]LogModuleManager: Shutting down and abandoning module ViewportSnapping (542)
[2019.02.26-04.31.42:863][612]LogModuleManager: Shutting down and abandoning module ViewportInteraction (540)
[2019.02.26-04.31.42:863][612]LogModuleManager: Shutting down and abandoning module ClothPainter (538)
[2019.02.26-04.31.42:863][612]LogModuleManager: Shutting down and abandoning module SkeletalMeshEditor (537)
[2019.02.26-04.31.42:863][612]LogModuleManager: Shutting down and abandoning module LogVisualizer (534)
[2019.02.26-04.31.42:863][612]LogModuleManager: Shutting down and abandoning module IntroTutorials (532)
[2019.02.26-04.31.42:864][612]LogModuleManager: Shutting down and abandoning module GameProjectGeneration (531)
[2019.02.26-04.31.42:864][612]LogModuleManager: Shutting down and abandoning module LuminPlatformEditor (528)
[2019.02.26-04.31.42:864][612]LogModuleManager: Shutting down and abandoning module IOSPlatformEditor (526)
[2019.02.26-04.31.42:864][612]LogModuleManager: Shutting down and abandoning module HTML5PlatformEditor (524)
[2019.02.26-04.31.42:864][612]LogModuleManager: Shutting down and abandoning module AndroidPlatformEditor (522)
[2019.02.26-04.31.42:864][612]LogModuleManager: Shutting down and abandoning module AndroidDeviceDetection (521)
[2019.02.26-04.31.43:815][612]LogModuleManager: Shutting down and abandoning module WindowsPlatformEditor (518)
[2019.02.26-04.31.43:815][612]LogModuleManager: Shutting down and abandoning module LuminRuntimeSettings (516)
[2019.02.26-04.31.43:815][612]LogModuleManager: Shutting down and abandoning module IOSRuntimeSettings (514)
[2019.02.26-04.31.43:815][612]LogModuleManager: Shutting down and abandoning module AndroidRuntimeSettings (512)
[2019.02.26-04.31.43:815][612]LogModuleManager: Shutting down and abandoning module InputBindingEditor (510)
[2019.02.26-04.31.43:815][612]LogModuleManager: Shutting down and abandoning module MergeActors (508)
[2019.02.26-04.31.43:815][612]LogModuleManager: Shutting down and abandoning module LocalizationDashboard (506)
[2019.02.26-04.31.43:815][612]LogModuleManager: Shutting down and abandoning module LocalizationService (505)
[2019.02.26-04.31.43:815][612]LogModuleManager: Shutting down and abandoning module HardwareTargeting (502)
[2019.02.26-04.31.43:815][612]LogModuleManager: Shutting down and abandoning module DeviceProfileEditor (500)
[2019.02.26-04.31.43:815][612]LogModuleManager: Shutting down and abandoning module UndoHistory (498)
[2019.02.26-04.31.43:815][612]LogModuleManager: Shutting down and abandoning module XmlParser (496)
[2019.02.26-04.31.43:815][612]LogModuleManager: Shutting down and abandoning module Blutility (494)
[2019.02.26-04.31.43:815][612]LogModuleManager: Shutting down and abandoning module ProjectSettingsViewer (492)
[2019.02.26-04.31.43:815][612]LogModuleManager: Shutting down and abandoning module ProjectTargetPlatformEditor (491)
[2019.02.26-04.31.43:815][612]LogModuleManager: Shutting down and abandoning module EditorSettingsViewer (488)
[2019.02.26-04.31.43:815][612]LogModuleManager: Shutting down and abandoning module SettingsEditor (486)
[2019.02.26-04.31.43:815][612]LogModuleManager: Shutting down and abandoning module ProjectLauncher (484)
[2019.02.26-04.31.43:815][612]LogModuleManager: Shutting down and abandoning module SessionFrontend (482)
[2019.02.26-04.31.43:815][612]LogModuleManager: Shutting down and abandoning module ProfilerClient (480)
[2019.02.26-04.31.43:815][612]LogModuleManager: Shutting down and abandoning module DeviceManager (478)
[2019.02.26-04.31.43:815][612]LogModuleManager: Shutting down and abandoning module TargetDeviceServices (477)
[2019.02.26-04.31.43:869][612]LogModuleManager: Shutting down and abandoning module AutomationController (474)
[2019.02.26-04.31.43:869][612]LogModuleManager: Shutting down and abandoning module AutomationWindow (472)
[2019.02.26-04.31.43:869][612]LogModuleManager: Shutting down and abandoning module Layers (470)
[2019.02.26-04.31.43:869][612]LogModuleManager: Shutting down and abandoning module ComponentVisualizers (468)
[2019.02.26-04.31.43:869][612]LogModuleManager: Shutting down and abandoning module DetailCustomizations (466)
[2019.02.26-04.31.43:869][612]LogModuleManager: Shutting down and abandoning module PackagesDialog (464)
[2019.02.26-04.31.43:869][612]LogModuleManager: Shutting down and abandoning module Persona (462)
[2019.02.26-04.31.43:869][612]LogModuleManager: Shutting down and abandoning module AnimGraph (461)
[2019.02.26-04.31.43:869][612]LogModuleManager: Shutting down and abandoning module Kismet (458)
[2019.02.26-04.31.43:869][612]LogModuleManager: Shutting down and abandoning module GraphEditor (456)
[2019.02.26-04.31.43:869][612]LogModuleManager: Shutting down and abandoning module ClassViewer (454)
[2019.02.26-04.31.43:869][612]LogModuleManager: Shutting down and abandoning module Toolbox (452)
[2019.02.26-04.31.43:869][612]LogModuleManager: Shutting down and abandoning module ModuleUI (450)
[2019.02.26-04.31.43:869][612]LogModuleManager: Shutting down and abandoning module MovieSceneTools (448)
[2019.02.26-04.31.43:869][612]LogModuleManager: Shutting down and abandoning module OutputLog (446)
[2019.02.26-04.31.43:869][612]LogModuleManager: Shutting down and abandoning module GammaUI (444)
[2019.02.26-04.31.43:869][612]LogModuleManager: Shutting down and abandoning module Documentation (442)
[2019.02.26-04.31.43:869][612]LogModuleManager: Shutting down and abandoning module MovieSceneTracks (440)
[2019.02.26-04.31.43:869][612]LogModuleManager: Shutting down and abandoning module MovieScene (438)
[2019.02.26-04.31.43:869][612]LogModuleManager: Shutting down and abandoning module StreamingPauseRendering (436)
[2019.02.26-04.31.43:869][612]LogModuleManager: Shutting down and abandoning module LauncherPlatform (434)
[2019.02.26-04.31.43:870][612]LogModuleManager: Shutting down and abandoning module AnalyticsET (432)
[2019.02.26-04.31.43:870][612]LogModuleManager: Shutting down and abandoning module PortalServices (430)
[2019.02.26-04.31.43:870][612]LogModuleManager: Shutting down and abandoning module PortalRpc (428)
[2019.02.26-04.31.43:870][612]LogModuleManager: Shutting down and abandoning module MessagingRpc (426)
[2019.02.26-04.31.43:870][612]LogModuleManager: Shutting down and abandoning module AIModule (424)
[2019.02.26-04.31.43:870][612]LogModuleManager: Shutting down and abandoning module GameplayDebugger (423)
[2019.02.26-04.31.43:870][612]LogModuleManager: Shutting down and abandoning module AITestSuite (421)
[2019.02.26-04.31.43:870][612]LogModuleManager: Shutting down and abandoning module NavigationSystem (419)
[2019.02.26-04.31.43:870][612]LogModuleManager: Shutting down and abandoning module DesktopPlatform (416)
[2019.02.26-04.31.43:870][612]LogModuleManager: Shutting down and abandoning module ProfilerService (414)
[2019.02.26-04.31.43:950][612]LogModuleManager: Shutting down and abandoning module TaskGraph (412)
[2019.02.26-04.31.43:950][612]LogModuleManager: Shutting down and abandoning module DatasmithCADImporter (410)
[2019.02.26-04.31.43:951][612]LogModuleManager: Shutting down and abandoning module StaticMeshEditorExtension (408)
[2019.02.26-04.31.43:951][612]LogModuleManager: Shutting down and abandoning module StaticMeshEditor (407)
[2019.02.26-04.31.43:951][612]LogModuleManager: Shutting down and abandoning module AdvancedPreviewScene (406)
[2019.02.26-04.31.43:951][612]LogModuleManager: Shutting down and abandoning module DatasmithMDLImporter (402)
[2019.02.26-04.31.43:952][612]LogModuleManager: Shutting down and abandoning module DatasmithImporter (400)
[2019.02.26-04.31.43:953][612]LogModuleManager: Shutting down and abandoning module SteamVRController (398)
[2019.02.26-04.31.43:953][612]LogModuleManager: Shutting down and abandoning module ProceduralMeshComponentEditor (396)
[2019.02.26-04.31.43:953][612]LogModuleManager: Shutting down and abandoning module ProceduralMeshComponent (394)
[2019.02.26-04.31.43:953][612]LogModuleManager: Shutting down and abandoning module OculusInput (392)
[2019.02.26-04.31.43:953][612]LogModuleManager: Shutting down and abandoning module MobilePatchingUtils (390)
[2019.02.26-04.31.43:953][612]LogModuleManager: Shutting down and abandoning module EditableMesh (388)
[2019.02.26-04.31.43:953][612]LogModuleManager: Shutting down and abandoning module CustomMeshComponent (386)
[2019.02.26-04.31.43:953][612]LogModuleManager: Shutting down and abandoning module CableComponent (384)
[2019.02.26-04.31.43:953][612]LogModuleManager: Shutting down and abandoning module AudioCapture (382)
[2019.02.26-04.31.43:953][612]LogModuleManager: Shutting down and abandoning module ArchVisCharacter (380)
[2019.02.26-04.31.43:953][612]LogModuleManager: Shutting down and abandoning module AndroidPermission (378)
[2019.02.26-04.31.43:953][612]LogModuleManager: Shutting down and abandoning module NUTUnrealEngine4 (376)
[2019.02.26-04.31.43:953][612]LogModuleManager: Shutting down and abandoning module NetcodeUnitTest (374)
[2019.02.26-04.31.43:953][612]LogModuleManager: Shutting down and abandoning module MediaCompositingEditor (372)
[2019.02.26-04.31.43:953][612]LogModuleManager: Shutting down and abandoning module MediaCompositing (370)
[2019.02.26-04.31.43:953][612]LogModuleManager: Shutting down and abandoning module LinearTimecode (368)
[2019.02.26-04.31.43:953][612]LogModuleManager: Shutting down and abandoning module ImgMedia (366)
[2019.02.26-04.31.43:957][612]LogModuleManager: Shutting down and abandoning module HTML5Networking (364)
[2019.02.26-04.31.43:957][612]LogModuleManager: Shutting down and abandoning module GeometryCacheTracks (362)
[2019.02.26-04.31.43:957][612]LogModuleManager: Shutting down and abandoning module GeometryCacheSequencer (360)
[2019.02.26-04.31.43:957][612]LogModuleManager: Shutting down and abandoning module BackChannel (358)
[2019.02.26-04.31.43:957][612]LogModuleManager: Shutting down and abandoning module AppleVision (356)
[2019.02.26-04.31.43:957][612]LogModuleManager: Shutting down and abandoning module AppleImageUtils (354)
[2019.02.26-04.31.43:958][612]LogModuleManager: Shutting down and abandoning module AlembicImporter (352)
[2019.02.26-04.31.43:958][612]LogModuleManager: Shutting down and abandoning module AlembicLibrary (351)
[2019.02.26-04.31.43:958][612]LogModuleManager: Shutting down and abandoning module GeometryCache (350)
[2019.02.26-04.31.43:958][612]LogModuleManager: Shutting down and abandoning module GeometryCacheEd (349)
[2019.02.26-04.31.43:958][612]LogModuleManager: Shutting down and abandoning module DatasmithContentEditor (344)
[2019.02.26-04.31.43:958][612]LogModuleManager: Shutting down and abandoning module DatasmithContent (342)
[2019.02.26-04.31.43:958][612]LogModuleManager: Shutting down and abandoning module SpeedTreeImporter (340)
[2019.02.26-04.31.43:958][612]LogModuleManager: Shutting down and abandoning module PluginBrowser (338)
[2019.02.26-04.31.43:958][612]LogModuleManager: Shutting down and abandoning module MobileLauncherProfileWizard (336)
[2019.02.26-04.31.43:958][612]LogModuleManager: Shutting down and abandoning module PolygonModeling (334)
[2019.02.26-04.31.43:958][612]LogModuleManager: Shutting down and abandoning module MeshEditor (332)
[2019.02.26-04.31.43:958][612]LogModuleManager: Shutting down and abandoning module EditorScriptingUtilities (330)
[2019.02.26-04.31.43:958][612]LogModuleManager: Shutting down and abandoning module CryptoKeysOpenSSL (328)
[2019.02.26-04.31.43:958][612]LogModuleManager: Shutting down and abandoning module CryptoKeys (326)
[2019.02.26-04.31.43:958][612]LogModuleManager: Shutting down and abandoning module VisualStudioSourceCodeAccess (324)
[2019.02.26-04.31.43:958][612]LogModuleManager: Shutting down and abandoning module VisualStudioCodeSourceCodeAccess (322)
[2019.02.26-04.31.43:958][612]LogModuleManager: Shutting down and abandoning module UObjectPlugin (320)
[2019.02.26-04.31.43:958][612]LogModuleManager: Shutting down and abandoning module SubversionSourceControl (318)
[2019.02.26-04.31.43:959][612]LogModuleManager: Shutting down and abandoning module PerforceSourceControl (316)
[2019.02.26-04.31.43:959][612]LogModuleManager: Shutting down and abandoning module GitSourceControl (314)
[2019.02.26-04.31.43:959][612]LogModuleManager: Shutting down and abandoning module SourceControl (313)
[2019.02.26-04.31.43:959][612]LogModuleManager: Shutting down and abandoning module CLionSourceCodeAccess (310)
[2019.02.26-04.31.43:959][612]LogModuleManager: Shutting down and abandoning module LightPropagationVolumeEditor (308)
[2019.02.26-04.31.43:959][612]LogModuleManager: Shutting down and abandoning module PaperTiledImporter (306)
[2019.02.26-04.31.43:959][612]LogModuleManager: Shutting down and abandoning module PaperSpriteSheetImporter (304)
[2019.02.26-04.31.43:959][612]LogModuleManager: Shutting down and abandoning module Paper2DEditor (302)
[2019.02.26-04.31.43:959][612]LogModuleManager: Shutting down and abandoning module MeshPaint (301)
[2019.02.26-04.31.43:959][612]LogModuleManager: Shutting down and abandoning module RuntimePhysXCooking (298)
[2019.02.26-04.31.43:959][612]LogModuleManager: Shutting down and abandoning module PhysXVehiclesEditor (296)
[2019.02.26-04.31.43:959][612]LogModuleManager: Shutting down and abandoning module PhysXVehicles (294)
[2019.02.26-04.31.43:959][612]LogModuleManager: Shutting down and abandoning module OculusEditor (292)
[2019.02.26-04.31.43:959][612]LogModuleManager: Shutting down and abandoning module LocationServicesBPLibrary (290)
[2019.02.26-04.31.43:959][612]LogModuleManager: Shutting down and abandoning module ImmediatePhysicsEditor (288)
[2019.02.26-04.31.43:959][612]LogModuleManager: Shutting down and abandoning module ImmediatePhysics (286)
[2019.02.26-04.31.43:959][612]LogModuleManager: Shutting down and abandoning module ActorSequence (284)
[2019.02.26-04.31.43:959][612]LogModuleManager: Shutting down and abandoning module UdpMessaging (282)
[2019.02.26-04.31.44:060][612]LogModuleManager: Shutting down and abandoning module TcpMessaging (280)
[2019.02.26-04.31.44:161][612]LogModuleManager: Shutting down and abandoning module MagicLeapAudio (278)
[2019.02.26-04.31.44:161][612]LogModuleManager: Shutting down and abandoning module GameplayTagsEditor (276)
[2019.02.26-04.31.44:161][612]LogModuleManager: Shutting down and abandoning module FacialAnimationEditor (274)
[2019.02.26-04.31.44:161][612]LogModuleManager: Shutting down and abandoning module FacialAnimation (272)
[2019.02.26-04.31.44:161][612]LogModuleManager: Shutting down and abandoning module DataValidation (270)
[2019.02.26-04.31.44:161][612]LogModuleManager: Shutting down and abandoning module AssetManagerEditor (268)
[2019.02.26-04.31.44:161][612]LogModuleManager: Shutting down and abandoning module LevelEditor (267)
[2019.02.26-04.31.44:162][612]LogModuleManager: Shutting down and abandoning module PixelInspectorModule (266)
[2019.02.26-04.31.44:162][612]LogModuleManager: Shutting down and abandoning module CommonMenuExtensions (264)
[2019.02.26-04.31.44:162][612]LogModuleManager: Shutting down and abandoning module MainFrame (262)
[2019.02.26-04.31.44:162][612]LogModuleManager: Shutting down and abandoning module HotReload (261)
[2019.02.26-04.31.44:162][612]LogModuleManager: Shutting down and abandoning module ContentBrowser (257)
[2019.02.26-04.31.44:163][612]LogModuleManager: Shutting down and abandoning module TreeMap (255)
[2019.02.26-04.31.44:163][612]LogModuleManager: Shutting down and abandoning module LightPropagationVolumeRuntime (252)
[2019.02.26-04.31.44:163][612]LogModuleManager: Shutting down and abandoning module AISupportModule (250)
[2019.02.26-04.31.44:163][612]LogModuleManager: Shutting down and abandoning module Paper2D (248)
[2019.02.26-04.31.44:163][612]LogModuleManager: Shutting down and abandoning module WindowsMoviePlayer (246)
[2019.02.26-04.31.44:163][612]LogModuleManager: Shutting down and abandoning module WmfMedia (244)
[2019.02.26-04.31.44:165][612]LogModuleManager: Shutting down and abandoning module Media (243)
[2019.02.26-04.31.44:172][612]LogModuleManager: Shutting down and abandoning module PacketHandler (240)
[2019.02.26-04.31.44:172][612]LogModuleManager: Shutting down and abandoning module ClothingSystemEditor (238)
[2019.02.26-04.31.44:172][612]LogModuleManager: Shutting down and abandoning module ClothingSystemRuntime (236)
[2019.02.26-04.31.44:172][612]LogModuleManager: Shutting down and abandoning module MediaAssets (234)
[2019.02.26-04.31.44:172][612]LogModuleManager: Shutting down and abandoning module Overlay (232)
[2019.02.26-04.31.44:172][612]LogModuleManager: Shutting down and abandoning module OverlayEditor (231)
[2019.02.26-04.31.44:172][612]LogModuleManager: Shutting down and abandoning module VREditor (228)
[2019.02.26-04.31.44:172][612]LogModuleManager: Shutting down and abandoning module StringTableEditor (226)
[2019.02.26-04.31.44:172][612]LogModuleManager: Shutting down and abandoning module GameplayTasksEditor (224)
[2019.02.26-04.31.44:172][612]LogModuleManager: Shutting down and abandoning module BehaviorTreeEditor (222)
[2019.02.26-04.31.44:172][612]LogModuleManager: Shutting down and abandoning module FunctionalTesting (220)
[2019.02.26-04.31.44:172][612]LogModuleManager: Shutting down and abandoning module CollisionAnalyzer (218)
[2019.02.26-04.31.44:172][612]LogModuleManager: Shutting down and abandoning module WorkspaceMenuStructure (217)
[2019.02.26-04.31.44:172][612]LogModuleManager: Shutting down and abandoning module UMG (214)
[2019.02.26-04.31.44:172][612]LogModuleManager: Shutting down and abandoning module UMGEditor (213)
[2019.02.26-04.31.44:172][612]LogModuleManager: Shutting down and abandoning module Sequencer (212)
[2019.02.26-04.31.44:172][612]LogModuleManager: Shutting down and abandoning module MessageLog (209)
[2019.02.26-04.31.44:172][612]LogModuleManager: Shutting down and abandoning module SlateReflector (204)
[2019.02.26-04.31.44:172][612]LogModuleManager: Shutting down and abandoning module Slate (202)
[2019.02.26-04.31.44:172][612]LogModuleManager: Shutting down and abandoning module EditorStyle (200)
[2019.02.26-04.31.44:174][612]LogModuleManager: Shutting down and abandoning module MRMesh (198)
[2019.02.26-04.31.44:174][612]LogModuleManager: Shutting down and abandoning module SourceCodeAccess (196)
[2019.02.26-04.31.44:174][612]LogModuleManager: Shutting down and abandoning module HeadMountedDisplay (194)
[2019.02.26-04.31.44:174][612]LogModuleManager: Shutting down and abandoning module XAudio2 (192)
[2019.02.26-04.31.44:174][612]LogModuleManager: Shutting down and abandoning module Networking (190)
[2019.02.26-04.31.44:174][612]LogModuleManager: Shutting down and abandoning module Core (188)
[2019.02.26-04.31.44:174][612]LogModuleManager: Shutting down and abandoning module LevelSequence (186)
[2019.02.26-04.31.44:174][612]LogModuleManager: Shutting down and abandoning module KismetCompiler (184)
[2019.02.26-04.31.44:174][612]LogModuleManager: Shutting down and abandoning module MeshUtilities (182)
[2019.02.26-04.31.44:174][612]LogModuleManager: Shutting down and abandoning module MeshMergeUtilities (181)
[2019.02.26-04.31.44:174][612]LogModuleManager: Shutting down and abandoning module MeshReductionInterface (180)
[2019.02.26-04.31.44:174][612]LogModuleManager: Shutting down and abandoning module SimplygonSwarm (179)
[2019.02.26-04.31.44:174][612]LogModuleManager: Shutting down and abandoning module ProxyLODMeshReduction (177)
[2019.02.26-04.31.44:174][612]LogModuleManager: Shutting down and abandoning module SimplygonMeshReduction (175)
[2019.02.26-04.31.44:174][612]LogModuleManager: Shutting down and abandoning module QuadricMeshReduction (173)
[2019.02.26-04.31.44:174][612]LogModuleManager: Shutting down and abandoning module MaterialBaking (169)
[2019.02.26-04.31.44:174][612]LogModuleManager: Shutting down and abandoning module DirectoryWatcher (165)
[2019.02.26-04.31.44:174][612]LogModuleManager: Shutting down and abandoning module DerivedDataCache (162)
[2019.02.26-04.31.44:248][612]LogDerivedDataCache: Shutdown
[2019.02.26-04.31.44:248][612]LogModuleManager: Shutting down and abandoning module XGEController (160)
[2019.02.26-04.31.44:248][612]LogModuleManager: Shutting down and abandoning module TargetPlatform (158)
[2019.02.26-04.31.44:248][612]LogModuleManager: Shutting down and abandoning module VulkanShaderFormat (157)
[2019.02.26-04.31.44:249][612]LogModuleManager: Shutting down and abandoning module ShaderFormatVectorVM (155)
[2019.02.26-04.31.44:249][612]LogModuleManager: Shutting down and abandoning module ShaderFormatOpenGL (153)
[2019.02.26-04.31.44:249][612]LogModuleManager: Shutting down and abandoning module ShaderFormatD3D (151)
[2019.02.26-04.31.44:249][612]LogModuleManager: Shutting down and abandoning module MetalShaderFormat (149)
[2019.02.26-04.31.44:249][612]LogModuleManager: Shutting down and abandoning module TextureFormatUncompressed (147)
[2019.02.26-04.31.44:249][612]LogModuleManager: Shutting down and abandoning module TextureFormatPVR (145)
[2019.02.26-04.31.44:249][612]LogModuleManager: Shutting down and abandoning module TextureFormatDXT (143)
[2019.02.26-04.31.44:249][612]LogModuleManager: Shutting down and abandoning module TextureFormatIntelISPCTexComp (141)
[2019.02.26-04.31.44:249][612]LogModuleManager: Shutting down and abandoning module TextureFormatASTC (139)
[2019.02.26-04.31.44:249][612]LogModuleManager: Shutting down and abandoning module ImageWrapper (138)
[2019.02.26-04.31.44:249][612]LogModuleManager: Shutting down and abandoning module TextureFormatAndroid (135)
[2019.02.26-04.31.44:249][612]LogModuleManager: Shutting down and abandoning module AudioFormatOpus (133)
[2019.02.26-04.31.44:249][612]LogModuleManager: Shutting down and abandoning module AudioFormatOgg (131)
[2019.02.26-04.31.44:249][612]LogModuleManager: Shutting down and abandoning module AudioFormatADPCM (129)
[2019.02.26-04.31.44:249][612]LogModuleManager: Shutting down and abandoning module LuminTargetPlatform (127)
[2019.02.26-04.31.44:249][612]LogModuleManager: Shutting down and abandoning module LinuxTargetPlatform (125)
[2019.02.26-04.31.44:249][612]LogModuleManager: Shutting down and abandoning module LinuxServerTargetPlatform (123)
[2019.02.26-04.31.44:249][612]LogModuleManager: Shutting down and abandoning module LinuxNoEditorTargetPlatform (121)
[2019.02.26-04.31.44:249][612]LogModuleManager: Shutting down and abandoning module LinuxClientTargetPlatform (119)
[2019.02.26-04.31.44:249][612]LogModuleManager: Shutting down and abandoning module TVOSTargetPlatform (117)
[2019.02.26-04.31.44:250][612]LogModuleManager: Shutting down and abandoning module Messaging (115)
[2019.02.26-04.31.44:250][612]LogModuleManager: Shutting down and abandoning module IOSTargetPlatform (113)
[2019.02.26-04.31.44:254][612]LogModuleManager: Shutting down and abandoning module HTML5TargetPlatform (111)
[2019.02.26-04.31.44:254][612]LogModuleManager: Shutting down and abandoning module AndroidTargetPlatform (109)
[2019.02.26-04.31.44:259][612]LogModuleManager: Shutting down and abandoning module WindowsTargetPlatform (107)
[2019.02.26-04.31.44:259][612]LogModuleManager: Shutting down and abandoning module WindowsServerTargetPlatform (105)
[2019.02.26-04.31.44:259][612]LogModuleManager: Shutting down and abandoning module WindowsNoEditorTargetPlatform (103)
[2019.02.26-04.31.44:259][612]LogModuleManager: Shutting down and abandoning module WindowsClientTargetPlatform (101)
[2019.02.26-04.31.44:259][612]LogModuleManager: Shutting down and abandoning module MacTargetPlatform (99)
[2019.02.26-04.31.44:259][612]LogModuleManager: Shutting down and abandoning module MacServerTargetPlatform (97)
[2019.02.26-04.31.44:259][612]LogModuleManager: Shutting down and abandoning module MacNoEditorTargetPlatform (95)
[2019.02.26-04.31.44:259][612]LogModuleManager: Shutting down and abandoning module MacClientTargetPlatform (93)
[2019.02.26-04.31.44:259][612]LogModuleManager: Shutting down and abandoning module AllDesktopTargetPlatform (91)
[2019.02.26-04.31.44:259][612]LogModuleManager: Shutting down and abandoning module InputCore (88)
[2019.02.26-04.31.44:259][612]LogModuleManager: Shutting down and abandoning module Settings (86)
[2019.02.26-04.31.44:259][612]LogModuleManager: Shutting down and abandoning module PhysXCooking (84)
[2019.02.26-04.31.44:259][612]LogModuleManager: Shutting down and abandoning module SteamVR (82)
[2019.02.26-04.31.44:259][612]LogModuleManager: Shutting down and abandoning module OculusHMD (80)
[2019.02.26-04.31.44:259][612]LogModuleManager: Shutting down and abandoning module ExampleDeviceProfileSelector (78)
[2019.02.26-04.31.44:259][612]LogModuleManager: Shutting down and abandoning module LauncherChunkInstaller (76)
[2019.02.26-04.31.44:259][612]LogModuleManager: Shutting down and abandoning module OnlineBlueprintSupport (74)
[2019.02.26-04.31.44:259][612]LogModuleManager: Shutting down and abandoning module OnlineSubsystem (70)
[2019.02.26-04.31.44:260][612]LogModuleManager: Shutting down and abandoning module XMPP (65)
[2019.02.26-04.31.44:261][612]LogModuleManager: Shutting down and abandoning module WebSockets (64)
[2019.02.26-04.31.44:293][612]LogModuleManager: Shutting down and abandoning module HTTP (61)
[2019.02.26-04.31.44:293][612]LogHttp: Display: Http module shutting down, but needs to wait on 1 outstanding Http requests:
[2019.02.26-04.31.44:293][612]LogHttp: Display: 	verb=[POST] url=[https://datarouter.ol.epicgames.com/datarouter/api/v1/public/data?SessionID=%7B4D9123E0-4416-5DFC-C8EE-ABB37F7A44D0%7D&AppID=UEEditor.Rocket.Release&AppVersion=4.20.3-4369336%2B%2B%2BUE4%2BRelease-4.20&UserID=80124a9b4de81e5781e78eb4eb1c49de%7C862b485bedcf49af8d9fd83609d792c8%7C6e1e486d-7f96-4bae-86db-3f5792785915&AppEnvironment=datacollector-binary&UploadType=eteventstream] status=Processing
[2019.02.26-04.31.44:297][612]LogModuleManager: Shutting down and abandoning module SSL (60)
[2019.02.26-04.31.44:298][612]LogModuleManager: Shutting down and abandoning module MagicLeapEmulator (56)
[2019.02.26-04.31.44:298][612]LogModuleManager: Shutting down and abandoning module MagicLeapPrivileges (54)
[2019.02.26-04.31.44:298][612]LogModuleManager: Shutting down and abandoning module MagicLeapIdentity (52)
[2019.02.26-04.31.44:298][612]LogModuleManager: Shutting down and abandoning module MagicLeapHelperVulkan (50)
[2019.02.26-04.31.44:298][612]LogModuleManager: Shutting down and abandoning module MagicLeapHelperOpenGL (48)
[2019.02.26-04.31.44:298][612]LogModuleManager: Shutting down and abandoning module MagicLeapSecureStorage (46)
[2019.02.26-04.31.44:298][612]LogModuleManager: Shutting down and abandoning module MagicLeapGestures (44)
[2019.02.26-04.31.44:298][612]LogModuleManager: Shutting down and abandoning module MagicLeapEyeTracker (42)
[2019.02.26-04.31.44:299][612]LogModuleManager: Shutting down and abandoning module MagicLeapController (40)
[2019.02.26-04.31.44:299][612]LogSlate: Slate User Destroyed.  User Index 0, Is Virtual User: 0
[2019.02.26-04.31.44:299][612]LogModuleManager: Shutting down and abandoning module MagicLeap (38)
[2019.02.26-04.31.44:299][612]LogModuleManager: Shutting down and abandoning module AnimationModifiers (36)
[2019.02.26-04.31.44:299][612]LogModuleManager: Shutting down and abandoning module PropertyEditor (35)
[2019.02.26-04.31.44:299][612]LogModuleManager: Shutting down and abandoning module AudioEditor (32)
[2019.02.26-04.31.44:299][612]LogModuleManager: Shutting down and abandoning module TextureCompressor (30)
[2019.02.26-04.31.44:300][612]LogModuleManager: Shutting down and abandoning module ShaderCore (28)
[2019.02.26-04.31.44:300][612]LogModuleManager: Shutting down and abandoning module Landscape (26)
[2019.02.26-04.31.44:300][612]LogModuleManager: Shutting down and abandoning module SlateRHIRenderer (24)
[2019.02.26-04.31.44:300][612]LogModuleManager: Shutting down and abandoning module OpenGLDrv (22)
[2019.02.26-04.31.44:300][612]LogModuleManager: Shutting down and abandoning module D3D11RHI (20)
[2019.02.26-04.31.44:300][612]LogModuleManager: Shutting down and abandoning module AnimGraphRuntime (18)
[2019.02.26-04.31.44:300][612]LogModuleManager: Shutting down and abandoning module Renderer (16)
[2019.02.26-04.31.44:300][612]LogModuleManager: Shutting down and abandoning module Engine (14)
[2019.02.26-04.31.44:300][612]LogModuleManager: Shutting down and abandoning module CoreUObject (12)
[2019.02.26-04.31.44:300][612]LogModuleManager: Shutting down and abandoning module NetworkFile (10)
[2019.02.26-04.31.44:301][612]LogModuleManager: Shutting down and abandoning module CookedIterativeFile (8)
[2019.02.26-04.31.44:301][612]LogModuleManager: Shutting down and abandoning module StreamingFile (6)
[2019.02.26-04.31.44:301][612]LogModuleManager: Shutting down and abandoning module SandboxFile (4)
[2019.02.26-04.31.44:301][612]LogModuleManager: Shutting down and abandoning module PakFile (2)
[2019.02.26-04.31.44:309][612]LogExit: Exiting.
[2019.02.26-04.31.44:319][612]Log file closed, 02/25/19 21:31:44
