Log file open, 02/04/19 08:20:22
LogWindows: Failed to load 'aqProf.dll' (GetLastError=126)
LogWindows: File 'aqProf.dll' does not exist
LogWindows: Failed to load 'VtuneApi.dll' (GetLastError=126)
LogWindows: File 'VtuneApi.dll' does not exist
LogWindows: Failed to load 'VtuneApi32e.dll' (GetLastError=126)
LogWindows: File 'VtuneApi32e.dll' does not exist
LogInit: Display: Running engine for game: MyProject
LogPlatformFile: Not using cached read wrapper
LogTaskGraph: Started task graph with 5 named threads and 23 total threads with 3 sets of task threads.
LogStats: Stats thread started at 0.284086
LogD3D11RHI: Loaded GFSDK_Aftermath_Lib.x64.dll
LogICUInternationalization: Display: ICU TimeZone Detection - Raw Offset: -7:00, Platform Override: ''
LogPluginManager: Mounting plugin Paper2D
LogPluginManager: Mounting plugin AISupport
LogPluginManager: Mounting plugin LightPropagationVolume
LogPluginManager: Mounting plugin CLionSourceCodeAccess
LogPluginManager: Mounting plugin CodeLiteSourceCodeAccess
LogPluginManager: Mounting plugin GitSourceControl
LogPluginManager: Mounting plugin KDevelopSourceCodeAccess
LogPluginManager: Mounting plugin NullSourceCodeAccess
LogPluginManager: Mounting plugin PerforceSourceControl
LogPluginManager: Mounting plugin SubversionSourceControl
LogPluginManager: Mounting plugin UObjectPlugin
LogPluginManager: Mounting plugin VisualStudioCodeSourceCodeAccess
LogPluginManager: Mounting plugin VisualStudioSourceCodeAccess
LogPluginManager: Mounting plugin XCodeSourceCodeAccess
LogPluginManager: Mounting plugin AssetManagerEditor
LogPluginManager: Mounting plugin CryptoKeys
LogPluginManager: Mounting plugin DataValidation
LogPluginManager: Mounting plugin EditorScriptingUtilities
LogPluginManager: Mounting plugin FacialAnimation
LogPluginManager: Mounting plugin GameplayTagsEditor
LogPluginManager: Mounting plugin MacGraphicsSwitching
LogPluginManager: Mounting plugin MeshEditor
LogPluginManager: Mounting plugin MobileLauncherProfileWizard
LogPluginManager: Mounting plugin PluginBrowser
LogPluginManager: Mounting plugin SpeedTreeImporter
LogPluginManager: Mounting plugin DatasmithContent
LogPluginManager: Mounting plugin AlembicImporter
LogPluginManager: Mounting plugin AppleImageUtils
LogPluginManager: Mounting plugin AppleVision
LogPluginManager: Mounting plugin BackChannel
LogPluginManager: Mounting plugin CharacterAI
LogPluginManager: Mounting plugin GeometryCache
LogPluginManager: Mounting plugin HTML5Networking
LogPluginManager: Mounting plugin ProxyLODPlugin
LogPluginManager: Mounting plugin MagicLeap
LogPluginManager: Mounting plugin MagicLeapEmulator
LogPluginManager: Mounting plugin MagicLeapMedia
LogPluginManager: Mounting plugin AndroidMedia
LogPluginManager: Mounting plugin AvfMedia
LogPluginManager: Mounting plugin ImgMedia
LogPluginManager: Mounting plugin LinearTimecode
LogPluginManager: Mounting plugin MediaCompositing
LogPluginManager: Mounting plugin MediaPlayerEditor
LogPluginManager: Mounting plugin WmfMedia
LogPluginManager: Mounting plugin TcpMessaging
LogPluginManager: Mounting plugin UdpMessaging
LogPluginManager: Mounting plugin ActorSequence
LogPluginManager: Mounting plugin LevelSequenceEditor
LogPluginManager: Mounting plugin MatineeToLevelSequence
LogPluginManager: Mounting plugin NetcodeUnitTest
LogPluginManager: Mounting plugin NUTUnrealEngine4
LogPluginManager: Mounting plugin OnlineSubsystemGooglePlay
LogPluginManager: Mounting plugin OnlineSubsystemIOS
LogPluginManager: Mounting plugin OnlineSubsystem
LogPluginManager: Mounting plugin OnlineSubsystemNull
LogPluginManager: Mounting plugin OnlineSubsystemUtils
LogPluginManager: Mounting plugin LauncherChunkInstaller
LogPluginManager: Mounting plugin AndroidDeviceProfileSelector
LogPluginManager: Mounting plugin AndroidMoviePlayer
LogPluginManager: Mounting plugin AndroidPermission
LogPluginManager: Mounting plugin AppleMoviePlayer
LogPluginManager: Mounting plugin ArchVisCharacter
LogPluginManager: Mounting plugin AudioCapture
LogPluginManager: Mounting plugin CableComponent
LogPluginManager: Mounting plugin CustomMeshComponent
LogPluginManager: Mounting plugin EditableMesh
LogPluginManager: Mounting plugin ExampleDeviceProfileSelector
LogPluginManager: Mounting plugin GoogleCloudMessaging
LogPluginManager: Mounting plugin ImmediatePhysics
LogPluginManager: Mounting plugin IOSDeviceProfileSelector
LogPluginManager: Mounting plugin LinuxDeviceProfileSelector
LogPluginManager: Mounting plugin LocationServicesBPLibrary
LogPluginManager: Mounting plugin MobilePatchingUtils
LogPluginManager: Mounting plugin OculusVR
LogPluginManager: Plugin shader directory ../../../Engine/Plugins/Runtime/Oculus/OculusVR/Shaders found
LogPluginManager: Mapping shader source directory ../../../Engine/Plugins/Runtime/Oculus/OculusVR/Shaders to virtual directory /Plugin/OculusVR
LogPluginManager: Mounting plugin PhysXVehicles
LogPluginManager: Mounting plugin ProceduralMeshComponent
LogPluginManager: Mounting plugin RuntimePhysXCooking
LogPluginManager: Mounting plugin SteamVR
LogPluginManager: Mounting plugin WindowsMoviePlayer
LogPluginManager: Mounting plugin DatasmithCADImporter
LogPluginManager: Mounting plugin DatasmithFBXImporter
LogPluginManager: Mounting plugin DatasmithImporter
LogPluginManager: Mounting plugin DatasmithMDLImporter
LogPluginManager: Mounting plugin StaticMeshEditorExtension
LogStreaming: Display: Took  0.132s to configure plugins.
LogInit: Using libcurl 7.55.1-DEV
LogInit:  - built for x86_64-pc-win32
LogInit:  - supports SSL with OpenSSL/1.0.2h
LogInit:  - supports HTTP deflate (compression) using libz 1.2.8
LogInit:  - other features:
LogInit:      CURL_VERSION_SSL
LogInit:      CURL_VERSION_LIBZ
LogInit:      CURL_VERSION_IPV6
LogInit:      CURL_VERSION_ASYNCHDNS
LogInit:      CURL_VERSION_LARGEFILE
LogInit:      CURL_VERSION_IDN
LogInit:  CurlRequestOptions (configurable via config and command line):
LogInit:  - bVerifyPeer = false  - Libcurl will NOT verify peer certificate
LogInit:  - bUseHttpProxy = false  - Libcurl will NOT use HTTP proxy
LogInit:  - bDontReuseConnections = false  - Libcurl will reuse connections
LogInit:  - CertBundlePath = nullptr  - Libcurl will use whatever was configured at build time.
LogInit:  - MaxHostConnections = 16  - Libcurl will limit the number of connections to a host
LogInit:  - LocalHostAddr = Default
LogInit:  - BufferSize = 65536
LogInit: WinSock: version 1.1 (2.2), MaxSocks=32767, MaxUdp=65467
LogInit: Build: ++UE4+Release-4.20-CL-4369336
LogInit: Engine Version: 4.20.3-4369336+++UE4+Release-4.20
LogInit: Compatible Engine Version: 4.20.0-4212847+++UE4+Release-4.20
LogInit: Net CL: 4212847
LogInit: OS: Windows 10 (), CPU: Intel(R) Core(TM) i7-8809G CPU @ 3.10GHz, GPU: Radeon RX Vega M GH Graphics
LogInit: Compiled (64-bit): Sep 17 2018 12:26:19
LogInit: Compiled with Visual C++: 19.13.26129.00
LogInit: Build Configuration: Development
LogInit: Branch Name: ++UE4+Release-4.20
LogInit: Command Line: -EpicPortal  -epicusername="HomicidaIWaffle" -epicuserid=862b485bedcf49af8d9fd83609d792c8 -epiclocale=en-US
LogInit: Base Directory: C:/Program Files/Epic Games/UE_4.20/Engine/Binaries/Win64/
LogInit: Installed Engine Build: 1
LogDevObjectVersion: Number of dev versions registered: 20
LogDevObjectVersion:   Dev-Blueprints (B0D832E4-1F89-4F0D-ACCF-7EB736FD4AA2): 10
LogDevObjectVersion:   Dev-Build (E1C64328-A22C-4D53-A36C-8E866417BD8C): 0
LogDevObjectVersion:   Dev-Core (375EC13C-06E4-48FB-B500-84F0262A717E): 2
LogDevObjectVersion:   Dev-Editor (E4B068ED-F494-42E9-A231-DA0B2E46BB41): 24
LogDevObjectVersion:   Dev-Framework (CFFC743F-43B0-4480-9391-14DF171D2073): 34
LogDevObjectVersion:   Dev-Mobile (B02B49B5-BB20-44E9-A304-32B752E40360): 2
LogDevObjectVersion:   Dev-Networking (A4E4105C-59A1-49B5-A7C5-40C4547EDFEE): 0
LogDevObjectVersion:   Dev-Online (39C831C9-5AE6-47DC-9A44-9C173E1C8E7C): 0
LogDevObjectVersion:   Dev-Physics (78F01B33-EBEA-4F98-B9B4-84EACCB95AA2): 0
LogDevObjectVersion:   Dev-Platform (6631380F-2D4D-43E0-8009-CF276956A95A): 0
LogDevObjectVersion:   Dev-Rendering (12F88B9F-8875-4AFC-A67C-D90C383ABD29): 26
LogDevObjectVersion:   Dev-Sequencer (7B5AE74C-D270-4C10-A958-57980B212A5A): 9
LogDevObjectVersion:   Dev-VR (D7296918-1DD6-4BDD-9DE2-64A83CC13884): 2
LogDevObjectVersion:   Dev-LoadTimes (C2A15278-BFE7-4AFE-6C17-90FF531DF755): 1
LogDevObjectVersion:   Private-Geometry (6EACA3D4-40EC-4CC1-B786-8BED09428FC5): 3
LogDevObjectVersion:   Dev-AnimPhys (29E575DD-E0A3-4627-9D10-D276232CDCEA): 17
LogDevObjectVersion:   Dev-ReflectionCapture (6B266CEC-1EC7-4B8F-A30B-E4D90942FC07): 1
LogDevObjectVersion:   Dev-Automation (0DF73D61-A23F-47EA-B727-89E90C41499A): 1
LogDevObjectVersion:   FortniteMain (601D1886-AC64-4F84-AA16-D3DE0DEAC7D6): 12
LogDevObjectVersion:   Dev-Enterprise (9DFFBCD6-494F-0158-E221-12823C92A888): 1
LogStreaming: Display: Took  0.000s to delete old logs.
LogInit: Presizing for max 8388607 objects, including 0 objects not considered by GC, pre-allocating 0 bytes for permanent pool.
LogInit: Object subsystem initialized
[2019.02.04-15.20.22:588][  0]LogInit: Selected Device Profile: [Windows]
[2019.02.04-15.20.22:588][  0]LogInit: Applying CVar settings loaded from the selected device profile: [Windows]
[2019.02.04-15.20.22:604][  0]LogHAL: Display: Platform has ~ 16 GB [17095401472 / 17179869184 / 16], which maps to Larger [LargestMinGB=32, LargerMinGB=12, DefaultMinGB=8, SmallerMinGB=6, SmallestMinGB=0)
[2019.02.04-15.20.22:604][  0]LogInit: Setting Device Profile CVar: [[r.Vulkan.UseRealUBs:1]]
[2019.02.04-15.20.22:604][  0]LogInit: Going up to parent DeviceProfile []
[2019.02.04-15.20.22:605][  0]LogInit: Computer: eae-n-030
[2019.02.04-15.20.22:605][  0]LogInit: User: u1126442
[2019.02.04-15.20.22:605][  0]LogInit: CPU Page size=4096, Cores=4
[2019.02.04-15.20.22:605][  0]LogInit: High frequency timer resolution =3.023441 MHz
[2019.02.04-15.20.22:605][  0]LogMemory: Memory total: Physical=15.9GB (16GB approx)
[2019.02.04-15.20.22:605][  0]LogMemory: Platform Memory Stats for Windows
[2019.02.04-15.20.22:605][  0]LogMemory: Process Physical Memory: 100.71 MB used, 100.71 MB peak
[2019.02.04-15.20.22:605][  0]LogMemory: Process Virtual Memory: 89.51 MB used, 89.51 MB peak
[2019.02.04-15.20.22:605][  0]LogMemory: Physical Memory: 4525.16 MB used,  11778.29 MB free, 16303.45 MB total
[2019.02.04-15.20.22:605][  0]LogMemory: Virtual Memory: 4639.15 MB used,  11778.29 MB free, 134217728.00 MB total
[2019.02.04-15.20.22:622][  0]LogInit: Using OS detected language (en-US).
[2019.02.04-15.20.22:622][  0]LogInit: Using OS detected locale (en-US).
[2019.02.04-15.20.22:623][  0]LogTextLocalizationManager: No specific localization for 'en-US' exists, so the 'en' localization will be used.
[2019.02.04-15.20.22:954][  0]LogStreaming: Display: Took  0.332s to InitEngineTextLocalization.
[2019.02.04-15.20.22:954][  0]LogInit: Setting process to per monitor DPI aware
[2019.02.04-15.20.22:993][  0]LogSlate: New Slate User Created.  User Index 0, Is Virtual User: 0
[2019.02.04-15.20.22:993][  0]LogSlate: Slate User Registered.  User Index 0, Is Virtual User: 0
[2019.02.04-15.20.23:167][  0]LogHMD: Failed to initialize OpenVR with code 110
[2019.02.04-15.20.23:167][  0]LogD3D11RHI: D3D11 adapters:
[2019.02.04-15.20.23:199][  0]LogD3D11RHI:    0. 'Radeon RX Vega M GH Graphics' (Feature Level 11_0)
[2019.02.04-15.20.23:199][  0]LogD3D11RHI:       4042/0/8151 MB DedicatedVideo/DedicatedSystem/SharedSystem, Outputs:1, VendorId:0x1002
[2019.02.04-15.20.23:210][  0]LogD3D11RHI:    1. 'Intel(R) HD Graphics 630' (Feature Level 11_0)
[2019.02.04-15.20.23:210][  0]LogD3D11RHI:       128/0/8151 MB DedicatedVideo/DedicatedSystem/SharedSystem, Outputs:0, VendorId:0x8086
[2019.02.04-15.20.23:211][  0]LogD3D11RHI:    2. 'Microsoft Basic Render Driver' (Feature Level 11_0)
[2019.02.04-15.20.23:211][  0]LogD3D11RHI:       0/0/8151 MB DedicatedVideo/DedicatedSystem/SharedSystem, Outputs:0, VendorId:0x1414
[2019.02.04-15.20.23:211][  0]LogD3D11RHI: Chosen D3D11 Adapter: 0
[2019.02.04-15.20.23:217][  0]LogD3D11RHI: Creating new Direct3DDevice
[2019.02.04-15.20.23:218][  0]LogD3D11RHI:     GPU DeviceId: 0x694c (for the marketing name, search the web for "GPU Device Id")
[2019.02.04-15.20.23:218][  0]LogWindows: EnumDisplayDevices:
[2019.02.04-15.20.23:218][  0]LogWindows:    0. 'Radeon RX Vega M GH Graphics' (P:1 D:1)
[2019.02.04-15.20.23:218][  0]LogWindows:    1. 'Radeon RX Vega M GH Graphics' (P:0 D:0)
[2019.02.04-15.20.23:218][  0]LogWindows:    2. 'Radeon RX Vega M GH Graphics' (P:0 D:0)
[2019.02.04-15.20.23:218][  0]LogWindows:    3. 'Radeon RX Vega M GH Graphics' (P:0 D:0)
[2019.02.04-15.20.23:219][  0]LogWindows:    4. 'Radeon RX Vega M GH Graphics' (P:0 D:0)
[2019.02.04-15.20.23:219][  0]LogWindows:    5. 'Radeon RX Vega M GH Graphics' (P:0 D:0)
[2019.02.04-15.20.23:219][  0]LogWindows:    6. 'Radeon RX Vega M GH Graphics' (P:0 D:0)
[2019.02.04-15.20.23:219][  0]LogWindows:    7. 'Intel(R) HD Graphics 630' (P:0 D:0)
[2019.02.04-15.20.23:219][  0]LogWindows:    8. 'Intel(R) HD Graphics 630' (P:0 D:0)
[2019.02.04-15.20.23:220][  0]LogWindows: DebugString: PrimaryIsNotTheChoosenAdapter PrimaryIsNotTheChoosenAdapter FoundDriverCount:7 
[2019.02.04-15.20.23:220][  0]LogD3D11RHI:     Adapter Name: Radeon RX Vega M GH Graphics
[2019.02.04-15.20.23:220][  0]LogD3D11RHI:   Driver Version: Adrenalin 18.9.1 (internal:24.20.11026.2001, unified:24.20.11026.2001)
[2019.02.04-15.20.23:220][  0]LogD3D11RHI:      Driver Date: 8-30-2018
[2019.02.04-15.20.23:220][  0]LogRHI: Texture pool is 2829 MB (70% of 4042 MB)
[2019.02.04-15.20.23:279][  0]LogD3D11RHI: Async texture creation enabled
[2019.02.04-15.20.23:291][  0]LogD3D11RHI: GPU Timing Frequency: 25.000000 (Debug: 2 1)
[2019.02.04-15.20.23:293][  0]LogShaderCompilers: Guid format shader working directory is -28 characters bigger than the processId version (../../../../../../Users/u1126442/Documents/GitHub/NWB_AssetPipeline/MyProject/Intermediate/Shaders/WorkingDirectory/1828/).
[2019.02.04-15.20.23:293][  0]LogShaderCompilers: Cleaned the shader compiler working directory 'C:/Users/u1126442/AppData/Local/Temp/UnrealShaderWorkingDir/7C7750EB4308F2C078147AB4B8602303/'.
[2019.02.04-15.20.23:531][  0]LogTemp: Display: Loaded TP AllDesktopTargetPlatform
[2019.02.04-15.20.23:542][  0]LogTemp: Display: Loaded TP MacClientTargetPlatform
[2019.02.04-15.20.23:554][  0]LogTemp: Display: Loaded TP MacNoEditorTargetPlatform
[2019.02.04-15.20.23:566][  0]LogTemp: Display: Loaded TP MacServerTargetPlatform
[2019.02.04-15.20.23:578][  0]LogTemp: Display: Loaded TP MacTargetPlatform
[2019.02.04-15.20.23:590][  0]LogTemp: Display: Loaded TP WindowsClientTargetPlatform
[2019.02.04-15.20.23:602][  0]LogTemp: Display: Loaded TP WindowsNoEditorTargetPlatform
[2019.02.04-15.20.23:614][  0]LogTemp: Display: Loaded TP WindowsServerTargetPlatform
[2019.02.04-15.20.23:620][  0]LogTemp: Display: Loaded TP WindowsTargetPlatform
[2019.02.04-15.20.23:684][  0]LogTemp: Display: Loaded TP AndroidTargetPlatform
[2019.02.04-15.20.23:684][  0]LogTemp: Display: Loaded TP AndroidTargetPlatform
[2019.02.04-15.20.23:684][  0]LogTemp: Display: Loaded TP AndroidTargetPlatform
[2019.02.04-15.20.23:684][  0]LogTemp: Display: Loaded TP AndroidTargetPlatform
[2019.02.04-15.20.23:684][  0]LogTemp: Display: Loaded TP AndroidTargetPlatform
[2019.02.04-15.20.23:684][  0]LogTemp: Display: Loaded TP AndroidTargetPlatform
[2019.02.04-15.20.23:684][  0]LogTemp: Display: Loaded TP AndroidTargetPlatform
[2019.02.04-15.20.23:684][  0]LogTemp: Display: Loaded TP AndroidTargetPlatform
[2019.02.04-15.20.23:684][  0]LogTemp: Display: Loaded TP AndroidTargetPlatform
[2019.02.04-15.20.23:684][  0]LogTemp: Display: Loaded TP AndroidTargetPlatform
[2019.02.04-15.20.23:684][  0]LogTemp: Display: Loaded TP AndroidTargetPlatform
[2019.02.04-15.20.23:684][  0]LogTemp: Display: Loaded TP AndroidTargetPlatform
[2019.02.04-15.20.23:684][  0]LogTemp: Display: Loaded TP AndroidTargetPlatform
[2019.02.04-15.20.23:684][  0]LogTemp: Display: Loaded TP AndroidTargetPlatform
[2019.02.04-15.20.23:684][  0]LogTemp: Display: Loaded TP AndroidTargetPlatform
[2019.02.04-15.20.23:684][  0]LogTemp: Display: Loaded TP AndroidTargetPlatform
[2019.02.04-15.20.23:684][  0]LogTemp: Display: Loaded TP AndroidTargetPlatform
[2019.02.04-15.20.23:685][  0]LogTemp: Display: Loaded TP AndroidTargetPlatform
[2019.02.04-15.20.23:686][  0]LogTemp: Display: Loaded TP HTML5TargetPlatform
[2019.02.04-15.20.23:741][  0]LogTemp: Display: Loaded TP IOSTargetPlatform
[2019.02.04-15.20.23:741][  0]LogTemp: Display: Loaded TP IOSTargetPlatform
[2019.02.04-15.20.23:760][  0]LogTemp: Display: Loaded TP TVOSTargetPlatform
[2019.02.04-15.20.23:760][  0]LogTemp: Display: Loaded TP TVOSTargetPlatform
[2019.02.04-15.20.23:771][  0]LogTemp: Display: Loaded TP LinuxClientTargetPlatform
[2019.02.04-15.20.23:781][  0]LogTemp: Display: Loaded TP LinuxNoEditorTargetPlatform
[2019.02.04-15.20.23:791][  0]LogTemp: Display: Loaded TP LinuxServerTargetPlatform
[2019.02.04-15.20.23:802][  0]LogTemp: Display: Loaded TP LinuxTargetPlatform
[2019.02.04-15.20.23:810][  0]LogTemp: Display: Loaded TP LuminTargetPlatform
[2019.02.04-15.20.23:810][  0]LogTargetPlatformManager: Display: Building Assets For Windows
[2019.02.04-15.20.23:871][  0]LogXGEController: Cannot use XGE Controller as Incredibuild is not installed on this machine.
[2019.02.04-15.20.23:871][  0]LogShaderCompilers: Cannot use XGE Shader Compiler as Incredibuild is not installed on this machine.
[2019.02.04-15.20.23:871][  0]LogShaderCompilers: Display: Using Local Shader Compiler.
[2019.02.04-15.20.24:503][  0]LogDerivedDataCache: Display: Max Cache Size: 512 MB
[2019.02.04-15.20.24:557][  0]LogDerivedDataCache: Loaded boot cache 0.05s 72MB C:/Users/u1126442/AppData/Local/UnrealEngine/4.20/DerivedDataCache/Boot.ddc.
[2019.02.04-15.20.24:558][  0]LogDerivedDataCache: Display: Loaded Boot cache: C:/Users/u1126442/AppData/Local/UnrealEngine/4.20/DerivedDataCache/Boot.ddc
[2019.02.04-15.20.24:558][  0]LogDerivedDataCache: FDerivedDataBackendGraph:  Pak pak cache file ../../../../../../Users/u1126442/Documents/GitHub/NWB_AssetPipeline/MyProject/DerivedDataCache/DDC.ddp not found, will not use a pak cache.
[2019.02.04-15.20.24:558][  0]LogDerivedDataCache: Unable to find inner node Pak for hierarchical cache Hierarchy.
[2019.02.04-15.20.24:558][  0]LogDerivedDataCache: FDerivedDataBackendGraph:  CompressedPak pak cache file ../../../../../../Users/u1126442/Documents/GitHub/NWB_AssetPipeline/MyProject/DerivedDataCache/Compressed.ddp not found, will not use a pak cache.
[2019.02.04-15.20.24:558][  0]LogDerivedDataCache: Unable to find inner node CompressedPak for hierarchical cache Hierarchy.
[2019.02.04-15.20.24:569][  0]LogDerivedDataCache: Display: Pak cache opened for reading ../../../Engine/DerivedDataCache/Compressed.ddp.
[2019.02.04-15.20.24:581][  0]LogDerivedDataCache: Using Local data cache path C:/Users/u1126442/AppData/Local/UnrealEngine/Common/DerivedDataCache: Writable
[2019.02.04-15.20.24:581][  0]LogDerivedDataCache: Shared data cache path not found in *engine.ini, will not use an Shared cache.
[2019.02.04-15.20.24:581][  0]LogDerivedDataCache: Unable to find inner node Shared for hierarchical cache Hierarchy.
[2019.02.04-15.20.24:596][  0]LogMaterial: Verifying Global Shaders for PCD3D_SM5
[2019.02.04-15.20.24:598][  0]LogSlate: Using FreeType 2.6.0
[2019.02.04-15.20.24:598][  0]LogSlate: SlateFontServices - WITH_FREETYPE: 1, WITH_HARFBUZZ: 1
[2019.02.04-15.20.24:664][  0]LogAssetRegistry: FAssetRegistry took 0.0253 seconds to start up
[2019.02.04-15.20.24:953][  0]LogInit: Selected Device Profile: [Windows]
[2019.02.04-15.20.25:074][  0]LogSimplygon: Simplygon DLL not present - disabling.
[2019.02.04-15.20.25:078][  0]LogMeshReduction: Using SimplygonSwarm for distributed automatic mesh merging
[2019.02.04-15.20.25:078][  0]LogMeshReduction: Using ProxyLODMeshReduction for automatic mesh merging
[2019.02.04-15.20.25:078][  0]LogMeshReduction: Using QuadricMeshReduction for automatic static mesh reduction
[2019.02.04-15.20.25:078][  0]LogMeshReduction: No automatic skeletal mesh reduction module available
[2019.02.04-15.20.25:096][  0]LogNetVersion: MyProject 1.0.0, NetCL: 4212847, EngineNetVer: 5, GameNetVer: 0 (Checksum: 1110078900)
[2019.02.04-15.20.25:604][  0]LogPackageLocalizationCache: Processed 13 localized package path(s) for 2 prioritized culture(s) in 0.109400 seconds
[2019.02.04-15.20.25:610][  0]LogUObjectArray: 38425 objects as part of root set at end of initial load.
[2019.02.04-15.20.25:610][  0]LogUObjectAllocator: 6690872 out of 0 bytes used by permanent object pool.
[2019.02.04-15.20.25:610][  0]LogUObjectArray: CloseDisregardForGC: 0/0 objects in disregard for GC pool
[2019.02.04-15.20.26:415][  0]LogTcpMessaging: Initializing TcpMessaging bridge
[2019.02.04-15.20.26:441][  0]LogUdpMessaging: Initializing bridge on interface 0.0.0.0:0 to multicast group 230.0.0.1:6666.
[2019.02.04-15.20.26:581][  0]SourceControl: Source control is disabled
[2019.02.04-15.20.26:581][  0]SourceControl: Source control is disabled
[2019.02.04-15.20.26:582][  0]SourceControl: Source control is disabled
[2019.02.04-15.20.26:583][  0]SourceControl: Source control is disabled
[2019.02.04-15.20.26:757][  0]LogAndroidPermission: UAndroidPermissionCallbackProxy::GetInstance
[2019.02.04-15.20.26:834][  0]LogOcInput: OculusInput pre-init called
[2019.02.04-15.20.29:182][  0]LogEngine: Initializing Engine...
[2019.02.04-15.20.29:183][  0]LogHMD: Failed to initialize OpenVR with code 110
[2019.02.04-15.20.29:184][  0]LogStats: UGameplayTagsManager::ConstructGameplayTagTree: ImportINI prefixes -  0.000 s
[2019.02.04-15.20.29:184][  0]LogStats: UGameplayTagsManager::ConstructGameplayTagTree: Construct from data asset -  0.000 s
[2019.02.04-15.20.29:184][  0]LogStats: UGameplayTagsManager::ConstructGameplayTagTree: ImportINI -  0.000 s
[2019.02.04-15.20.29:184][  0]LogStats: UGameplayTagsManager::ConstructGameplayTagTree: GameplayTagTreeChangedEvent.Broadcast -  0.000 s
[2019.02.04-15.20.29:377][  0]LogInit: Initializing FReadOnlyCVARCache
[2019.02.04-15.20.29:392][  0]LogAIModule: Creating AISystem for world Untitled
[2019.02.04-15.20.29:425][  0]LogInit: XAudio2 using '1 - CintiqPro24P (AMD High Definition Audio Device)' : 2 channels at 48 kHz using 16 bits per sample (channel mask 0x3)
[2019.02.04-15.20.29:450][  0]LogInit: FAudioDevice initialized.
[2019.02.04-15.20.29:451][  0]LogNetVersion: Set ProjectVersion to 1.0.0.0. Version Checksum will be recalculated on next use.
[2019.02.04-15.20.29:530][  0]LogDerivedDataCache: Saved boot cache 0.08s 72MB C:/Users/u1126442/AppData/Local/UnrealEngine/4.20/DerivedDataCache/Boot.ddc.
[2019.02.04-15.20.29:533][  0]LogInit: Texture streaming: Enabled
[2019.02.04-15.20.29:559][  0]LogEngineSessionManager: EngineSessionManager initialized
[2019.02.04-15.20.29:575][  0]LogInit: Transaction tracking system initialized
[2019.02.04-15.20.29:602][  0]BlueprintLog: New page: Editor Load
[2019.02.04-15.20.29:742][  0]LocalizationService: Localization service is disabled
[2019.02.04-15.20.30:016][  0]LogFileCache: Scanning file cache for directory 'C:/Users/u1126442/Documents/GitHub/NWB_AssetPipeline/MyProject/Content/' took 0.01s
[2019.02.04-15.20.30:016][  0]LogCook: Display: Max memory allowance for cook 16384mb min free memory 0mb
[2019.02.04-15.20.30:016][  0]LogCook: Display: Mobile HDR setting 1
[2019.02.04-15.20.30:016][  0]LogGameplayTags: Display: UGameplayTagsManager::DoneAddingNativeTags. DelegateIsBound: 0
[2019.02.04-15.20.30:016][  0]LogStats: UGameplayTagsManager::ConstructGameplayTagTree: ImportINI prefixes -  0.000 s
[2019.02.04-15.20.30:016][  0]LogStats: UGameplayTagsManager::ConstructGameplayTagTree: Construct from data asset -  0.000 s
[2019.02.04-15.20.30:016][  0]LogStats: UGameplayTagsManager::ConstructGameplayTagTree: ImportINI -  0.000 s
[2019.02.04-15.20.30:016][  0]LogStats: UGameplayTagsManager::ConstructGameplayTagTree: GameplayTagTreeChangedEvent.Broadcast -  0.000 s
[2019.02.04-15.20.31:348][  0]SourceControl: Source control is disabled
[2019.02.04-15.20.31:348][  0]Cmd: MAP LOAD FILE="../../../Engine/Content/Maps/Templates/Template_Default.umap" TEMPLATE=1 SHOWPROGRESS=1 FEATURELEVEL=3
[2019.02.04-15.20.31:348][  0]LightingResults: New page: Lighting Build
[2019.02.04-15.20.31:352][  0]MapCheck: New page: Map Check
[2019.02.04-15.20.31:352][  0]LightingResults: New page: Lighting Build
[2019.02.04-15.20.31:543][  0]LogAIModule: Creating AISystem for world Untitled_1
[2019.02.04-15.20.31:551][  0]LogEditorServer: Finished looking for orphan Actors (0.000 secs)
[2019.02.04-15.20.31:573][  0]Cmd: MAP CHECKDEP NOCLEARLOG
[2019.02.04-15.20.31:648][  0]MapCheck: Map check complete: 0 Error(s), 0 Warning(s), took 74.941ms to complete.
[2019.02.04-15.20.31:648][  0]LogFileHelpers: Loading map 'Template_Default' took 0.301
[2019.02.04-15.20.31:787][  0]LogSlate: Updating window title bar state: overlay mode, drag disabled, window buttons hidden, title bar hidden
[2019.02.04-15.20.31:793][  0]LogSlate: Updating window title bar state: overlay mode, drag disabled, window buttons hidden, title bar hidden
[2019.02.04-15.20.31:799][  0]LogSlate: Updating window title bar state: overlay mode, drag disabled, window buttons hidden, title bar hidden
[2019.02.04-15.20.31:806][  0]LogSlate: Updating window title bar state: overlay mode, drag disabled, window buttons hidden, title bar hidden
[2019.02.04-15.20.31:823][  0]LogCollectionManager: Loaded 0 collections in 0.001952 seconds
[2019.02.04-15.20.31:890][  0]LogFileCache: Scanning file cache for directory 'C:/Users/u1126442/Documents/GitHub/NWB_AssetPipeline/MyProject/Saved/Collections/' took 0.01s
[2019.02.04-15.20.31:890][  0]LogFileCache: Scanning file cache for directory 'C:/Users/u1126442/Documents/GitHub/NWB_AssetPipeline/MyProject/Content/Developers/u1126442/Collections/' took 0.01s
[2019.02.04-15.20.31:890][  0]LogFileCache: Scanning file cache for directory 'C:/Users/u1126442/Documents/GitHub/NWB_AssetPipeline/MyProject/Content/Collections/' took 0.01s
[2019.02.04-15.20.31:890][  0]LogCollectionManager: Rebuilt the GUID cache for 0 collections in 0.000001 seconds
[2019.02.04-15.20.31:903][  0]LogContentBrowser: Native class hierarchy populated in 0.0107 seconds. Added 2621 classes and 629 folders.
[2019.02.04-15.20.31:923][  0]LogContentBrowser: Native class hierarchy updated for 'WidgetCarousel' in 0.0003 seconds. Added 0 classes and 0 folders.
[2019.02.04-15.20.32:380][  0]LogContentBrowser: Native class hierarchy updated for 'AddContentDialog' in 0.0002 seconds. Added 0 classes and 0 folders.
[2019.02.04-15.20.32:398][  0]LogContentBrowser: Native class hierarchy updated for 'SceneOutliner' in 0.0003 seconds. Added 1 classes and 2 folders.
[2019.02.04-15.20.32:462][  0]LogSlate: Took 0.000258 seconds to synchronously load lazily loaded font '../../../Engine/Content/Slate/Fonts/Roboto-Regular.ttf' (155K)
[2019.02.04-15.20.32:464][  0]LogSlate: Took 0.000150 seconds to synchronously load lazily loaded font '../../../Engine/Content/Slate/Fonts/Roboto-Bold.ttf' (160K)
[2019.02.04-15.20.32:478][  0]LogSlate: Took 0.007229 seconds to synchronously load lazily loaded font '../../../Engine/Content/Editor/Slate/Fonts/FontAwesome.ttf' (139K)
[2019.02.04-15.20.32:592][  0]LogRenderer: Reallocating scene render targets to support 1208x576 Format 10 NumSamples 1 (Frame:1).
[2019.02.04-15.20.32:772][  0]LogContentBrowser: Native class hierarchy updated for 'HierarchicalLODOutliner' in 0.0003 seconds. Added 0 classes and 0 folders.
[2019.02.04-15.20.32:772][  0]LogLoad: (Engine Initialization) Total time: 12.61 seconds
[2019.02.04-15.20.32:773][  0]LogLoad: (Engine Initialization) Total Blueprint compile time: 0.00 seconds
[2019.02.04-15.20.32:783][  0]LogWindowsTextInputMethodSystem: Display: IME system now deactivated.
[2019.02.04-15.20.32:806][  0]LogContentStreaming: Texture pool size now 1000 MB
[2019.02.04-15.20.34:073][144]LogAssetRegistry: Asset discovery search completed in 9.4310 seconds
[2019.02.04-15.20.34:075][144]LogCollectionManager: Rebuilt the object cache for 0 collections in 0.000000 seconds (found 0 objects)
[2019.02.04-15.20.34:075][144]LogCollectionManager: Fixed up redirectors for 0 collections in 0.000061 seconds (updated 0 objects)
[2019.02.04-15.20.34:899][241]LogSlate: FSceneViewport::OnFocusLost() reason 0
[2019.02.04-15.20.47:998][679]LogSlate: Took 0.000164 seconds to synchronously load lazily loaded font '../../../Engine/Content/Slate/Fonts/Roboto-Light.ttf' (167K)
[2019.02.04-15.20.48:056][679]Cmd: OBJ SAVEPACKAGE PACKAGE="/Game/NewFolder/NewMaterial" FILE="../../../../../../Users/u1126442/Documents/GitHub/NWB_AssetPipeline/MyProject/Content/NewFolder/NewMaterial.uasset" SILENT=true
[2019.02.04-15.20.48:075][679]LogSavePackage: Moving '../../../../../../Users/u1126442/Documents/GitHub/NWB_AssetPipeline/MyProject/Saved/NewMaterial78A00C3340207EE5FC3B558E81624341.tmp' to '../../../../../../Users/u1126442/Documents/GitHub/NWB_AssetPipeline/MyProject/Content/NewFolder/NewMaterial.uasset'
[2019.02.04-15.21.19:061][308]LogSavePackage: Moving '../../../../../../Users/u1126442/Documents/GitHub/NWB_AssetPipeline/MyProject/Saved/M_WoodBlock_MasterDA4927D74DB0DADE2266DB9D1CA13FC0.tmp' to '../../../../../../Users/u1126442/Documents/GitHub/NWB_AssetPipeline/MyProject/Content/NewFolder/M_WoodBlock_Master.uasset'
[2019.02.04-15.21.40:484][636]Cmd: OBJ SAVEPACKAGE PACKAGE="/Game/NewFolder/M_BlockMaster" FILE="../../../../../../Users/u1126442/Documents/GitHub/NWB_AssetPipeline/MyProject/Content/NewFolder/M_BlockMaster.uasset" SILENT=true
[2019.02.04-15.21.40:500][636]LogSavePackage: Moving '../../../../../../Users/u1126442/Documents/GitHub/NWB_AssetPipeline/MyProject/Saved/M_BlockMaster92971CD648EEA54EC963668D69FEFB00.tmp' to '../../../../../../Users/u1126442/Documents/GitHub/NWB_AssetPipeline/MyProject/Content/NewFolder/M_BlockMaster.uasset'
[2019.02.04-15.21.51:236][905]LogAssetEditorManager: Opening Asset editor for Material /Game/NewFolder/M_BlockMaster.M_BlockMaster
[2019.02.04-15.21.51:239][905]LogMaterial: Display: Missing cached shader map for material M_BlockMaster, compiling. 
[2019.02.04-15.21.51:629][905]LogMaterial: Display: Missing cached shader map for material M_BlockMaster, compiling. 
[2019.02.04-15.21.51:657][905]LogShaderCompilers: Display: Shaders left to compile 21
[2019.02.04-15.21.51:657][905]LogShaderCompilers: Display: Shaders left to compile 20
[2019.02.04-15.21.51:657][905]LogShaderCompilers: Display: Shaders left to compile 19
[2019.02.04-15.21.51:657][905]LogShaderCompilers: Display: Shaders left to compile 18
[2019.02.04-15.21.51:691][905]LogSlate: Took 0.008065 seconds to synchronously load lazily loaded font '../../../Engine/Content/Slate/Fonts/Roboto-BoldCondensed.ttf' (158K)
[2019.02.04-15.21.52:428][940]LogShaderCompilers: Display: Shaders left to compile 17
[2019.02.04-15.21.52:462][942]LogShaderCompilers: Display: Shaders left to compile 16
[2019.02.04-15.21.52:478][944]LogShaderCompilers: Display: Shaders left to compile 15
[2019.02.04-15.21.52:478][944]LogShaderCompilers: Display: Shaders left to compile 14
[2019.02.04-15.21.52:593][953]LogShaderCompilers: Display: Shaders left to compile 13
[2019.02.04-15.21.52:643][957]LogShaderCompilers: Display: Shaders left to compile 12
[2019.02.04-15.21.52:667][959]LogShaderCompilers: Display: Shaders left to compile 11
[2019.02.04-15.21.52:671][959]LogShaderCompilers: Display: Shaders left to compile 10
[2019.02.04-15.21.52:764][967]LogShaderCompilers: Display: Shaders left to compile 9
[2019.02.04-15.21.52:948][981]LogShaderCompilers: Display: Shaders left to compile 8
[2019.02.04-15.21.53:063][991]LogShaderCompilers: Display: Shaders left to compile 7
[2019.02.04-15.21.53:098][994]LogShaderCompilers: Display: Shaders left to compile 6
[2019.02.04-15.21.53:136][997]LogShaderCompilers: Display: Shaders left to compile 5
[2019.02.04-15.21.53:284][  9]LogShaderCompilers: Display: Shaders left to compile 4
[2019.02.04-15.21.53:350][ 14]LogShaderCompilers: Display: Shaders left to compile 3
[2019.02.04-15.21.53:502][ 27]LogShaderCompilers: Display: Shaders left to compile 2
[2019.02.04-15.21.53:526][ 29]LogShaderCompilers: Display: Shaders left to compile 1
[2019.02.04-15.21.53:826][ 55]MaterialEditorStats: Base pass shader: 99 instructions
[2019.02.04-15.21.53:826][ 55]MaterialEditorStats: Base pass shader with Volumetric Lightmap: 172 instructions
[2019.02.04-15.21.53:826][ 55]MaterialEditorStats: Base pass vertex shader: 32 instructions
[2019.02.04-15.21.53:826][ 55]MaterialEditorStats: Texture samplers: 3/16
[2019.02.04-16.09.45:839][876]LogMaterial: Display: Missing cached shader map for material M_BlockMaster, compiling. 
[2019.02.04-16.09.45:879][877]LogShaderCompilers: Display: Shaders left to compile 21
[2019.02.04-16.09.45:880][877]LogShaderCompilers: Display: Shaders left to compile 20
[2019.02.04-16.09.45:880][877]LogShaderCompilers: Display: Shaders left to compile 19
[2019.02.04-16.09.45:880][877]LogShaderCompilers: Display: Shaders left to compile 18
[2019.02.04-16.09.45:890][877]LogMaterial: Display: Missing cached shader map for material Material_0, compiling. 
[2019.02.04-16.09.46:430][917]LogShaderCompilers: Display: Shaders left to compile 61
[2019.02.04-16.09.46:468][920]LogShaderCompilers: Display: Shaders left to compile 60
[2019.02.04-16.09.46:471][920]LogShaderCompilers: Display: Shaders left to compile 59
[2019.02.04-16.09.46:471][920]LogShaderCompilers: Display: Shaders left to compile 58
[2019.02.04-16.09.46:588][929]LogShaderCompilers: Display: Shaders left to compile 57
[2019.02.04-16.09.46:614][931]LogShaderCompilers: Display: Shaders left to compile 56
[2019.02.04-16.09.46:625][932]LogShaderCompilers: Display: Shaders left to compile 55
[2019.02.04-16.09.46:648][934]LogShaderCompilers: Display: Shaders left to compile 54
[2019.02.04-16.09.46:738][941]LogShaderCompilers: Display: Shaders left to compile 53
[2019.02.04-16.09.46:884][951]LogShaderCompilers: Display: Shaders left to compile 52
[2019.02.04-16.09.47:032][962]LogShaderCompilers: Display: Shaders left to compile 51
[2019.02.04-16.09.47:058][964]LogShaderCompilers: Display: Shaders left to compile 50
[2019.02.04-16.09.47:139][970]LogShaderCompilers: Display: Shaders left to compile 49
[2019.02.04-16.09.47:263][979]LogShaderCompilers: Display: Shaders left to compile 48
[2019.02.04-16.09.47:273][980]LogShaderCompilers: Display: Shaders left to compile 47
[2019.02.04-16.09.47:460][997]LogShaderCompilers: Display: Shaders left to compile 46
[2019.02.04-16.09.47:521][  3]LogShaderCompilers: Display: Shaders left to compile 45
[2019.02.04-16.09.47:571][  9]LogShaderCompilers: Display: Shaders left to compile 44
[2019.02.04-16.09.47:613][ 14]LogShaderCompilers: Display: Shaders left to compile 34
[2019.02.04-16.09.47:764][ 30]LogShaderCompilers: Display: Shaders left to compile 24
[2019.02.04-16.09.47:822][ 36]LogShaderCompilers: Display: Shaders left to compile 14
[2019.02.04-16.09.47:839][ 37]MaterialEditorStats: Base pass shader: 99 instructions
[2019.02.04-16.09.47:839][ 37]MaterialEditorStats: Base pass shader with Volumetric Lightmap: 172 instructions
[2019.02.04-16.09.47:839][ 37]MaterialEditorStats: Base pass vertex shader: 32 instructions
[2019.02.04-16.09.47:839][ 37]MaterialEditorStats: Texture samplers: 3/16
[2019.02.04-16.09.49:120][143]LogShaderCompilers: Display: Shaders left to compile 4
[2019.02.04-16.10.01:973][395]LogAssetEditorManager: Opening Asset editor for MaterialFunction /Engine/Functions/MaterialLayerFunctions/MatLayerBlend_ModulateSpecular.MatLayerBlend_ModulateSpecular
[2019.02.04-16.10.02:041][395]LogMaterial: Display: Missing cached shader map for material PreviewMaterial_0, compiling. 
[2019.02.04-16.10.02:057][395]LogMaterial: Display: Missing cached shader map for material Material_1, compiling. 
[2019.02.04-16.10.02:064][395]LogShaderCompilers: Display: Shaders left to compile 5
[2019.02.04-16.10.02:064][395]LogMaterial: Display: Missing cached shader map for material PreviewMaterial_0, compiling. 
[2019.02.04-16.10.02:085][395]LogShaderCompilers: Display: Shaders left to compile 43
[2019.02.04-16.10.02:085][395]LogShaderCompilers: Display: Shaders left to compile 42
[2019.02.04-16.10.02:085][395]LogShaderCompilers: Display: Shaders left to compile 41
[2019.02.04-16.10.02:087][395]LogMaterial: Display: Missing cached shader map for material Material_1, compiling. 
[2019.02.04-16.10.02:121][395]LogMaterial: Display: Missing cached shader map for material FMatExpressionPreview MaterialExpressionFunctionOutput_1, compiling. 
[2019.02.04-16.10.02:125][395]LogMaterial: Display: Missing cached shader map for material FMatExpressionPreview MaterialExpressionFunctionInput_0, compiling. 
[2019.02.04-16.10.02:237][397]LogShaderCompilers: Display: Shaders left to compile 49
[2019.02.04-16.10.02:280][400]LogShaderCompilers: Display: Shaders left to compile 48
[2019.02.04-16.10.02:293][400]LogSlate: Took 0.006487 seconds to synchronously load lazily loaded font '../../../Engine/Content/Slate/Fonts/Roboto-Italic.ttf' (157K)
[2019.02.04-16.10.02:326][404]LogShaderCompilers: Display: Shaders left to compile 47
[2019.02.04-16.10.02:371][408]LogShaderCompilers: Display: Shaders left to compile 46
[2019.02.04-16.10.02:490][417]LogShaderCompilers: Display: Shaders left to compile 45
[2019.02.04-16.10.02:542][421]LogShaderCompilers: Display: Shaders left to compile 44
[2019.02.04-16.10.02:552][422]LogShaderCompilers: Display: Shaders left to compile 43
[2019.02.04-16.10.02:636][430]LogShaderCompilers: Display: Shaders left to compile 42
[2019.02.04-16.10.02:708][436]LogShaderCompilers: Display: Shaders left to compile 41
[2019.02.04-16.10.02:708][436]LogShaderCompilers: Display: Shaders left to compile 40
[2019.02.04-16.10.02:800][444]LogShaderCompilers: Display: Shaders left to compile 39
[2019.02.04-16.10.02:883][451]LogShaderCompilers: Display: Shaders left to compile 38
[2019.02.04-16.10.02:896][452]LogShaderCompilers: Display: Shaders left to compile 37
[2019.02.04-16.10.02:942][456]LogShaderCompilers: Display: Shaders left to compile 36
[2019.02.04-16.10.02:954][457]LogShaderCompilers: Display: Shaders left to compile 35
[2019.02.04-16.10.03:074][466]LogShaderCompilers: Display: Shaders left to compile 34
[2019.02.04-16.10.03:089][467]LogShaderCompilers: Display: Shaders left to compile 33
[2019.02.04-16.10.03:103][468]LogShaderCompilers: Display: Shaders left to compile 32
[2019.02.04-16.10.03:253][481]LogShaderCompilers: Display: Shaders left to compile 31
[2019.02.04-16.10.03:262][482]LogShaderCompilers: Display: Shaders left to compile 30
[2019.02.04-16.10.03:285][484]LogShaderCompilers: Display: Shaders left to compile 29
[2019.02.04-16.10.03:297][485]LogShaderCompilers: Display: Shaders left to compile 28
[2019.02.04-16.10.03:412][493]LogShaderCompilers: Display: Shaders left to compile 27
[2019.02.04-16.10.03:412][493]LogShaderCompilers: Display: Shaders left to compile 26
[2019.02.04-16.10.03:448][496]LogShaderCompilers: Display: Shaders left to compile 25
[2019.02.04-16.10.03:471][498]LogShaderCompilers: Display: Shaders left to compile 24
[2019.02.04-16.10.03:568][503]LogShaderCompilers: Display: Shaders left to compile 23
[2019.02.04-16.10.03:619][507]LogShaderCompilers: Display: Shaders left to compile 22
[2019.02.04-16.10.03:628][508]LogShaderCompilers: Display: Shaders left to compile 21
[2019.02.04-16.10.03:834][522]LogShaderCompilers: Display: Shaders left to compile 20
[2019.02.04-16.10.03:846][523]LogShaderCompilers: Display: Shaders left to compile 19
[2019.02.04-16.10.03:986][534]LogShaderCompilers: Display: Shaders left to compile 18
[2019.02.04-16.10.04:015][536]LogShaderCompilers: Display: Shaders left to compile 17
[2019.02.04-16.10.04:093][542]LogShaderCompilers: Display: Shaders left to compile 16
[2019.02.04-16.10.04:234][551]LogShaderCompilers: Display: Shaders left to compile 15
[2019.02.04-16.10.04:349][560]LogShaderCompilers: Display: Shaders left to compile 14
[2019.02.04-16.10.04:413][565]LogShaderCompilers: Display: Shaders left to compile 13
[2019.02.04-16.10.04:485][570]LogShaderCompilers: Display: Shaders left to compile 12
[2019.02.04-16.10.04:597][578]LogShaderCompilers: Display: Shaders left to compile 11
[2019.02.04-16.10.04:661][583]LogShaderCompilers: Display: Shaders left to compile 10
[2019.02.04-16.10.04:714][587]LogShaderCompilers: Display: Shaders left to compile 9
[2019.02.04-16.10.04:815][595]LogShaderCompilers: Display: Shaders left to compile 8
[2019.02.04-16.10.04:839][597]LogShaderCompilers: Display: Shaders left to compile 7
[2019.02.04-16.10.04:934][604]LogShaderCompilers: Display: Shaders left to compile 6
[2019.02.04-16.10.05:044][612]LogShaderCompilers: Display: Shaders left to compile 5
[2019.02.04-16.10.07:913][849]Cmd: TRANSACTION UNDO
[2019.02.04-16.10.07:913][849]LogEditorTransaction: Undo Create Pin Link
[2019.02.04-16.10.07:927][849]LogMaterial: Display: Missing cached shader map for material M_BlockMaster, compiling. 
[2019.02.04-16.10.07:952][849]LogShaderCompilers: Display: Shaders left to compile 21
[2019.02.04-16.10.07:952][849]LogShaderCompilers: Display: Shaders left to compile 20
[2019.02.04-16.10.07:952][849]LogShaderCompilers: Display: Shaders left to compile 19
[2019.02.04-16.10.07:952][849]LogShaderCompilers: Display: Shaders left to compile 18
[2019.02.04-16.10.07:955][849]LogMaterial: Display: Missing cached shader map for material PreviewMaterial_0, compiling. 
[2019.02.04-16.10.07:973][849]LogMaterial: Display: Missing cached shader map for material Material_1, compiling. 
[2019.02.04-16.10.08:144][856]LogShaderCompilers: Display: Shaders left to compile 65
[2019.02.04-16.10.08:186][858]LogShaderCompilers: Display: Shaders left to compile 64
[2019.02.04-16.10.08:186][858]LogShaderCompilers: Display: Shaders left to compile 63
[2019.02.04-16.10.08:186][858]LogShaderCompilers: Display: Shaders left to compile 62
[2019.02.04-16.10.08:298][864]LogShaderCompilers: Display: Shaders left to compile 61
[2019.02.04-16.10.08:334][866]LogShaderCompilers: Display: Shaders left to compile 60
[2019.02.04-16.10.08:353][867]LogShaderCompilers: Display: Shaders left to compile 59
[2019.02.04-16.10.08:353][867]LogShaderCompilers: Display: Shaders left to compile 58
[2019.02.04-16.10.08:371][869]Cmd: TRANSACTION UNDO
[2019.02.04-16.10.08:371][869]LogEditorTransaction: Undo Create Pin Link
[2019.02.04-16.10.08:375][869]LogMaterial: Display: Missing cached shader map for material M_BlockMaster, compiling. 
[2019.02.04-16.10.08:389][869]LogMaterial: Display: Missing cached shader map for material PreviewMaterial_0, compiling. 
[2019.02.04-16.10.08:414][869]LogMaterial: Display: Missing cached shader map for material Material_1, compiling. 
[2019.02.04-16.10.08:468][869]LogShaderCompilers: Display: Shaders left to compile 69
[2019.02.04-16.10.08:587][877]LogShaderCompilers: Display: Shaders left to compile 68
[2019.02.04-16.10.08:668][884]LogShaderCompilers: Display: Shaders left to compile 67
[2019.02.04-16.10.08:698][886]LogShaderCompilers: Display: Shaders left to compile 66
[2019.02.04-16.10.08:746][890]LogShaderCompilers: Display: Shaders left to compile 65
[2019.02.04-16.10.08:802][894]LogShaderCompilers: Display: Shaders left to compile 64
[2019.02.04-16.10.08:868][899]LogShaderCompilers: Display: Shaders left to compile 63
[2019.02.04-16.10.08:877][900]LogShaderCompilers: Display: Shaders left to compile 62
[2019.02.04-16.10.08:905][902]LogShaderCompilers: Display: Shaders left to compile 61
[2019.02.04-16.10.08:971][907]Cmd: TRANSACTION UNDO
[2019.02.04-16.10.08:971][907]LogEditorTransaction: Undo Create Pin Link
[2019.02.04-16.10.08:972][907]LogShaderCompilers: Display: Shaders left to compile 60
[2019.02.04-16.10.08:987][907]LogMaterial: Display: Missing cached shader map for material M_BlockMaster, compiling. 
[2019.02.04-16.10.09:001][907]LogMaterial: Display: Missing cached shader map for material PreviewMaterial_0, compiling. 
[2019.02.04-16.10.09:023][907]LogShaderCompilers: Display: Shaders left to compile 26
[2019.02.04-16.10.09:023][907]LogShaderCompilers: Display: Shaders left to compile 25
[2019.02.04-16.10.09:025][907]LogMaterial: Display: Missing cached shader map for material Material_1, compiling. 
[2019.02.04-16.10.09:062][908]LogShaderCompilers: Display: Shaders left to compile 67
[2019.02.04-16.10.09:237][921]LogShaderCompilers: Display: Shaders left to compile 66
[2019.02.04-16.10.09:247][922]LogShaderCompilers: Display: Shaders left to compile 65
[2019.02.04-16.10.09:269][924]LogShaderCompilers: Display: Shaders left to compile 64
[2019.02.04-16.10.09:363][931]LogShaderCompilers: Display: Shaders left to compile 63
[2019.02.04-16.10.09:414][935]LogShaderCompilers: Display: Shaders left to compile 62
[2019.02.04-16.10.09:439][937]LogShaderCompilers: Display: Shaders left to compile 61
[2019.02.04-16.10.09:443][937]LogShaderCompilers: Display: Shaders left to compile 60
[2019.02.04-16.10.09:532][944]LogShaderCompilers: Display: Shaders left to compile 59
[2019.02.04-16.10.09:544][945]LogShaderCompilers: Display: Shaders left to compile 58
[2019.02.04-16.10.09:572][947]Cmd: TRANSACTION UNDO
[2019.02.04-16.10.09:572][947]LogEditorTransaction: Undo Move Node
[2019.02.04-16.10.09:579][947]LogShaderCompilers: Display: Shaders left to compile 57
[2019.02.04-16.10.09:587][947]LogMaterial: Display: Missing cached shader map for material M_BlockMaster, compiling. 
[2019.02.04-16.10.09:608][947]LogMaterial: Display: Missing cached shader map for material PreviewMaterial_0, compiling. 
[2019.02.04-16.10.09:634][947]LogMaterial: Display: Missing cached shader map for material Material_1, compiling. 
[2019.02.04-16.10.09:763][953]LogShaderCompilers: Display: Shaders left to compile 69
[2019.02.04-16.10.09:793][955]LogShaderCompilers: Display: Shaders left to compile 68
[2019.02.04-16.10.09:952][967]LogShaderCompilers: Display: Shaders left to compile 67
[2019.02.04-16.10.09:964][968]LogShaderCompilers: Display: Shaders left to compile 66
[2019.02.04-16.10.10:001][971]LogShaderCompilers: Display: Shaders left to compile 65
[2019.02.04-16.10.10:016][972]LogShaderCompilers: Display: Shaders left to compile 64
[2019.02.04-16.10.10:156][982]LogShaderCompilers: Display: Shaders left to compile 63
[2019.02.04-16.10.10:170][983]LogShaderCompilers: Display: Shaders left to compile 62
[2019.02.04-16.10.10:193][985]LogShaderCompilers: Display: Shaders left to compile 61
[2019.02.04-16.10.10:203][986]LogShaderCompilers: Display: Shaders left to compile 60
[2019.02.04-16.10.10:308][994]LogShaderCompilers: Display: Shaders left to compile 59
[2019.02.04-16.10.10:344][997]LogShaderCompilers: Display: Shaders left to compile 58
[2019.02.04-16.10.10:357][998]LogShaderCompilers: Display: Shaders left to compile 57
[2019.02.04-16.10.10:578][ 12]LogShaderCompilers: Display: Shaders left to compile 56
[2019.02.04-16.10.10:591][ 13]LogShaderCompilers: Display: Shaders left to compile 55
[2019.02.04-16.10.10:729][ 24]LogShaderCompilers: Display: Shaders left to compile 54
[2019.02.04-16.10.10:757][ 26]LogShaderCompilers: Display: Shaders left to compile 53
[2019.02.04-16.10.10:835][ 32]LogShaderCompilers: Display: Shaders left to compile 52
[2019.02.04-16.10.10:967][ 40]LogShaderCompilers: Display: Shaders left to compile 51
[2019.02.04-16.10.11:085][ 49]LogShaderCompilers: Display: Shaders left to compile 50
[2019.02.04-16.10.11:147][ 54]LogShaderCompilers: Display: Shaders left to compile 49
[2019.02.04-16.10.11:217][ 59]LogShaderCompilers: Display: Shaders left to compile 48
[2019.02.04-16.10.11:329][ 67]LogShaderCompilers: Display: Shaders left to compile 47
[2019.02.04-16.10.11:378][ 71]LogShaderCompilers: Display: Shaders left to compile 46
[2019.02.04-16.10.11:391][ 72]LogShaderCompilers: Display: Shaders left to compile 45
[2019.02.04-16.10.11:454][ 77]LogShaderCompilers: Display: Shaders left to compile 44
[2019.02.04-16.10.11:470][ 78]MaterialEditorStats: Base pass shader: 99 instructions
[2019.02.04-16.10.11:471][ 78]MaterialEditorStats: Base pass shader with Volumetric Lightmap: 172 instructions
[2019.02.04-16.10.11:471][ 78]MaterialEditorStats: Base pass vertex shader: 32 instructions
[2019.02.04-16.10.11:471][ 78]MaterialEditorStats: Texture samplers: 3/16
[2019.02.04-16.10.11:512][ 81]LogShaderCompilers: Display: Shaders left to compile 43
[2019.02.04-16.10.11:520][ 81]LogShaderCompilers: Display: Shaders left to compile 42
[2019.02.04-16.10.11:593][ 86]LogShaderCompilers: Display: Shaders left to compile 41
[2019.02.04-16.10.11:656][ 91]LogShaderCompilers: Display: Shaders left to compile 40
[2019.02.04-16.10.11:668][ 92]LogShaderCompilers: Display: Shaders left to compile 39
[2019.02.04-16.10.11:732][ 96]LogShaderCompilers: Display: Shaders left to compile 38
[2019.02.04-16.10.11:741][ 96]LogShaderCompilers: Display: Shaders left to compile 37
[2019.02.04-16.10.11:806][102]LogShaderCompilers: Display: Shaders left to compile 36
[2019.02.04-16.10.11:818][103]LogShaderCompilers: Display: Shaders left to compile 35
[2019.02.04-16.10.11:912][110]LogShaderCompilers: Display: Shaders left to compile 34
[2019.02.04-16.10.11:924][111]LogShaderCompilers: Display: Shaders left to compile 33
[2019.02.04-16.10.11:975][115]LogShaderCompilers: Display: Shaders left to compile 32
[2019.02.04-16.10.11:975][115]LogShaderCompilers: Display: Shaders left to compile 31
[2019.02.04-16.10.12:102][124]LogShaderCompilers: Display: Shaders left to compile 30
[2019.02.04-16.10.12:102][124]LogShaderCompilers: Display: Shaders left to compile 29
[2019.02.04-16.10.12:143][127]LogShaderCompilers: Display: Shaders left to compile 28
[2019.02.04-16.10.12:275][137]LogShaderCompilers: Display: Shaders left to compile 27
[2019.02.04-16.10.12:286][138]LogShaderCompilers: Display: Shaders left to compile 26
[2019.02.04-16.10.12:324][141]LogShaderCompilers: Display: Shaders left to compile 25
[2019.02.04-16.10.12:334][142]LogShaderCompilers: Display: Shaders left to compile 24
[2019.02.04-16.10.12:448][150]LogShaderCompilers: Display: Shaders left to compile 23
[2019.02.04-16.10.12:448][150]LogShaderCompilers: Display: Shaders left to compile 22
[2019.02.04-16.10.12:448][150]LogShaderCompilers: Display: Shaders left to compile 21
[2019.02.04-16.10.12:484][153]LogShaderCompilers: Display: Shaders left to compile 20
[2019.02.04-16.10.12:585][160]LogShaderCompilers: Display: Shaders left to compile 19
[2019.02.04-16.10.12:629][163]LogShaderCompilers: Display: Shaders left to compile 18
[2019.02.04-16.10.12:641][164]LogShaderCompilers: Display: Shaders left to compile 17
[2019.02.04-16.10.12:868][180]LogShaderCompilers: Display: Shaders left to compile 16
[2019.02.04-16.10.12:902][183]LogShaderCompilers: Display: Shaders left to compile 15
[2019.02.04-16.10.13:041][194]LogShaderCompilers: Display: Shaders left to compile 14
[2019.02.04-16.10.13:057][195]LogShaderCompilers: Display: Shaders left to compile 13
[2019.02.04-16.10.13:145][202]LogShaderCompilers: Display: Shaders left to compile 12
[2019.02.04-16.10.13:271][211]LogShaderCompilers: Display: Shaders left to compile 11
[2019.02.04-16.10.13:404][221]LogShaderCompilers: Display: Shaders left to compile 10
[2019.02.04-16.10.13:456][225]LogShaderCompilers: Display: Shaders left to compile 9
[2019.02.04-16.10.13:524][230]LogShaderCompilers: Display: Shaders left to compile 8
[2019.02.04-16.10.13:624][237]LogShaderCompilers: Display: Shaders left to compile 7
[2019.02.04-16.10.13:722][244]LogShaderCompilers: Display: Shaders left to compile 6
[2019.02.04-16.10.13:804][251]LogShaderCompilers: Display: Shaders left to compile 5
[2019.02.04-16.10.17:177][553]LogSlate: FSceneViewport::OnFocusLost() reason 0
[2019.02.04-16.10.20:152][574]LogSlate: Window 'Message' being destroyed
[2019.02.04-16.10.24:997][ 76]LogMaterial: Display: Missing cached shader map for material M_BlockMaster, compiling. 
[2019.02.04-16.10.25:038][ 77]LogShaderCompilers: Display: Shaders left to compile 21
[2019.02.04-16.10.25:038][ 77]LogShaderCompilers: Display: Shaders left to compile 20
[2019.02.04-16.10.25:038][ 77]LogShaderCompilers: Display: Shaders left to compile 19
[2019.02.04-16.10.25:038][ 77]LogShaderCompilers: Display: Shaders left to compile 18
[2019.02.04-16.10.25:228][ 94]LogShaderCompilers: Display: Shaders left to compile 17
[2019.02.04-16.10.25:251][ 96]LogShaderCompilers: Display: Shaders left to compile 16
[2019.02.04-16.10.25:262][ 97]LogShaderCompilers: Display: Shaders left to compile 15
[2019.02.04-16.10.25:263][ 97]LogShaderCompilers: Display: Shaders left to compile 14
[2019.02.04-16.10.25:382][107]LogShaderCompilers: Display: Shaders left to compile 13
[2019.02.04-16.10.25:407][109]LogShaderCompilers: Display: Shaders left to compile 12
[2019.02.04-16.10.25:430][111]LogShaderCompilers: Display: Shaders left to compile 11
[2019.02.04-16.10.25:440][112]LogShaderCompilers: Display: Shaders left to compile 10
[2019.02.04-16.10.25:539][121]LogShaderCompilers: Display: Shaders left to compile 9
[2019.02.04-16.10.25:687][133]LogShaderCompilers: Display: Shaders left to compile 8
[2019.02.04-16.10.25:795][142]LogShaderCompilers: Display: Shaders left to compile 7
[2019.02.04-16.10.25:831][145]LogShaderCompilers: Display: Shaders left to compile 6
[2019.02.04-16.10.25:912][152]LogShaderCompilers: Display: Shaders left to compile 5
[2019.02.04-16.10.26:024][161]LogShaderCompilers: Display: Shaders left to compile 4
[2019.02.04-16.10.26:089][166]LogShaderCompilers: Display: Shaders left to compile 3
[2019.02.04-16.10.26:226][177]LogShaderCompilers: Display: Shaders left to compile 2
[2019.02.04-16.10.26:248][179]LogShaderCompilers: Display: Shaders left to compile 1
[2019.02.04-16.10.26:567][207]MaterialEditorStats: Base pass shader: 99 instructions
[2019.02.04-16.10.26:567][207]MaterialEditorStats: Base pass shader with Volumetric Lightmap: 172 instructions
[2019.02.04-16.10.26:567][207]MaterialEditorStats: Base pass vertex shader: 32 instructions
[2019.02.04-16.10.26:567][207]MaterialEditorStats: Texture samplers: 3/16
[2019.02.04-16.29.07:590][720]LogSlate: Window 'Message' being destroyed
[2019.02.04-16.29.07:595][720]LogSlate: Window 'M_BlockMaster' being destroyed
[2019.02.04-16.29.07:596][720]LogSlate: Window 'M_BlockMaster' being destroyed
[2019.02.04-16.29.09:056][874]LogSlate: Window 'MyProject - Unreal Editor' being destroyed
[2019.02.04-16.29.09:057][874]LogWindowsTextInputMethodSystem: Display: IME system now deactivated.
[2019.02.04-16.29.09:269][875]Cmd: QUIT_EDITOR
[2019.02.04-16.29.09:303][875]LogExit: Preparing to exit.
[2019.02.04-16.29.09:488][875]LogExit: Editor shut down
[2019.02.04-16.29.09:488][875]LogExit: Transaction tracking system shut down
[2019.02.04-16.29.09:956][875]LogExit: Object subsystem successfully closed.
[2019.02.04-16.29.09:969][875]LogShaderCompilers: Display: Shaders left to compile 0
[2019.02.04-16.29.09:969][875]LogD3D11RHI: Shutdown
[2019.02.04-16.29.09:969][875]LogD3D11RHI: CleanupD3DDevice
[2019.02.04-16.29.09:971][875]LogD3D11RHI: ~FD3D11DynamicRHI
[2019.02.04-16.29.09:996][875]LogModuleManager: Shutting down and abandoning module HierarchicalLODOutliner (630)
[2019.02.04-16.29.09:996][875]LogModuleManager: Shutting down and abandoning module SceneOutliner (628)
[2019.02.04-16.29.09:996][875]LogModuleManager: Shutting down and abandoning module AddContentDialog (626)
[2019.02.04-16.29.09:997][875]LogModuleManager: Shutting down and abandoning module WidgetCarousel (625)
[2019.02.04-16.29.09:997][875]LogModuleManager: Shutting down and abandoning module EditorWidgets (622)
[2019.02.04-16.29.09:997][875]LogModuleManager: Shutting down and abandoning module CollectionManager (620)
[2019.02.04-16.29.09:997][875]LogModuleManager: Shutting down and abandoning module HierarchicalLODUtilities (618)
[2019.02.04-16.29.09:997][875]LogModuleManager: Shutting down and abandoning module StatsViewer (616)
[2019.02.04-16.29.09:997][875]LogModuleManager: Shutting down and abandoning module FoliageEdit (614)
[2019.02.04-16.29.09:997][875]LogModuleManager: Shutting down and abandoning module LandscapeEditor (612)
[2019.02.04-16.29.09:997][875]LogModuleManager: Shutting down and abandoning module MeshPaintMode (610)
[2019.02.04-16.29.09:997][875]LogModuleManager: Shutting down and abandoning module SceneDepthPickerMode (608)
[2019.02.04-16.29.09:997][875]LogModuleManager: Shutting down and abandoning module ActorPickerMode (606)
[2019.02.04-16.29.09:997][875]LogModuleManager: Shutting down and abandoning module GeometryMode (604)
[2019.02.04-16.29.09:997][875]LogModuleManager: Shutting down and abandoning module TextureAlignMode (602)
[2019.02.04-16.29.09:997][875]LogModuleManager: Shutting down and abandoning module BspMode (600)
[2019.02.04-16.29.09:997][875]LogModuleManager: Shutting down and abandoning module PIEPreviewDeviceProfileSelector (598)
[2019.02.04-16.29.09:997][875]LogModuleManager: Shutting down and abandoning module SequenceRecorderSections (596)
[2019.02.04-16.29.09:997][875]LogModuleManager: Shutting down and abandoning module AutomationWorker (594)
[2019.02.04-16.29.09:997][875]LogModuleManager: Shutting down and abandoning module DatasmithFBXImporter (592)
[2019.02.04-16.29.09:997][875]LogModuleManager: Shutting down and abandoning module DatasmithDeltaGenImporter (590)
[2019.02.04-16.29.09:997][875]LogModuleManager: Shutting down and abandoning module DatasmithVREDImporter (588)
[2019.02.04-16.29.09:997][875]LogModuleManager: Shutting down and abandoning module AudioCaptureEditor (586)
[2019.02.04-16.29.09:998][875]LogModuleManager: Shutting down and abandoning module SequenceRecorder (585)
[2019.02.04-16.29.09:998][875]LogModuleManager: Shutting down and abandoning module MatineeToLevelSequence (582)
[2019.02.04-16.29.09:998][875]LogModuleManager: Shutting down and abandoning module LevelSequenceEditor (580)
[2019.02.04-16.29.09:998][875]LogModuleManager: Shutting down and abandoning module PlacementMode (579)
[2019.02.04-16.29.09:998][875]LogModuleManager: Shutting down and abandoning module MaterialEditor (578)
[2019.02.04-16.29.09:998][875]LogModuleManager: Shutting down and abandoning module WmfMediaFactory (574)
[2019.02.04-16.29.09:998][875]LogModuleManager: Shutting down and abandoning module WmfMediaEditor (572)
[2019.02.04-16.29.09:998][875]LogModuleManager: Shutting down and abandoning module MediaPlayerEditor (570)
[2019.02.04-16.29.09:998][875]LogModuleManager: Shutting down and abandoning module OpenExrWrapper (568)
[2019.02.04-16.29.09:998][875]LogModuleManager: Shutting down and abandoning module ImgMediaFactory (566)
[2019.02.04-16.29.09:998][875]LogModuleManager: Shutting down and abandoning module ImgMediaEditor (564)
[2019.02.04-16.29.09:998][875]LogModuleManager: Shutting down and abandoning module AvfMediaFactory (562)
[2019.02.04-16.29.09:998][875]LogModuleManager: Shutting down and abandoning module AvfMediaEditor (560)
[2019.02.04-16.29.09:998][875]LogModuleManager: Shutting down and abandoning module AndroidMediaFactory (558)
[2019.02.04-16.29.09:998][875]LogModuleManager: Shutting down and abandoning module AndroidMediaEditor (556)
[2019.02.04-16.29.09:998][875]LogModuleManager: Shutting down and abandoning module MagicLeapCameraPreviewFactory (554)
[2019.02.04-16.29.09:998][875]LogModuleManager: Shutting down and abandoning module MagicLeapMediaFactory (552)
[2019.02.04-16.29.09:998][875]LogModuleManager: Shutting down and abandoning module MagicLeapMediaEditor (550)
[2019.02.04-16.29.09:998][875]LogModuleManager: Shutting down and abandoning module CharacterAI (548)
[2019.02.04-16.29.09:998][875]LogModuleManager: Shutting down and abandoning module SmartSnapping (546)
[2019.02.04-16.29.09:998][875]LogModuleManager: Shutting down and abandoning module SessionServices (544)
[2019.02.04-16.29.09:998][875]LogModuleManager: Shutting down and abandoning module ViewportSnapping (542)
[2019.02.04-16.29.09:998][875]LogModuleManager: Shutting down and abandoning module ViewportInteraction (540)
[2019.02.04-16.29.09:998][875]LogModuleManager: Shutting down and abandoning module ClothPainter (538)
[2019.02.04-16.29.09:998][875]LogModuleManager: Shutting down and abandoning module SkeletalMeshEditor (537)
[2019.02.04-16.29.09:998][875]LogModuleManager: Shutting down and abandoning module LogVisualizer (534)
[2019.02.04-16.29.09:998][875]LogModuleManager: Shutting down and abandoning module IntroTutorials (532)
[2019.02.04-16.29.09:998][875]LogModuleManager: Shutting down and abandoning module GameProjectGeneration (531)
[2019.02.04-16.29.09:998][875]LogModuleManager: Shutting down and abandoning module LuminPlatformEditor (528)
[2019.02.04-16.29.09:998][875]LogModuleManager: Shutting down and abandoning module IOSPlatformEditor (526)
[2019.02.04-16.29.09:998][875]LogModuleManager: Shutting down and abandoning module HTML5PlatformEditor (524)
[2019.02.04-16.29.09:998][875]LogModuleManager: Shutting down and abandoning module AndroidPlatformEditor (522)
[2019.02.04-16.29.09:998][875]LogModuleManager: Shutting down and abandoning module AndroidDeviceDetection (521)
[2019.02.04-16.29.11:029][875]LogModuleManager: Shutting down and abandoning module WindowsPlatformEditor (518)
[2019.02.04-16.29.11:029][875]LogModuleManager: Shutting down and abandoning module LuminRuntimeSettings (516)
[2019.02.04-16.29.11:029][875]LogModuleManager: Shutting down and abandoning module IOSRuntimeSettings (514)
[2019.02.04-16.29.11:029][875]LogModuleManager: Shutting down and abandoning module AndroidRuntimeSettings (512)
[2019.02.04-16.29.11:029][875]LogModuleManager: Shutting down and abandoning module InputBindingEditor (510)
[2019.02.04-16.29.11:029][875]LogModuleManager: Shutting down and abandoning module MergeActors (508)
[2019.02.04-16.29.11:029][875]LogModuleManager: Shutting down and abandoning module LocalizationDashboard (506)
[2019.02.04-16.29.11:029][875]LogModuleManager: Shutting down and abandoning module LocalizationService (505)
[2019.02.04-16.29.11:029][875]LogModuleManager: Shutting down and abandoning module HardwareTargeting (502)
[2019.02.04-16.29.11:029][875]LogModuleManager: Shutting down and abandoning module DeviceProfileEditor (500)
[2019.02.04-16.29.11:029][875]LogModuleManager: Shutting down and abandoning module UndoHistory (498)
[2019.02.04-16.29.11:029][875]LogModuleManager: Shutting down and abandoning module XmlParser (496)
[2019.02.04-16.29.11:029][875]LogModuleManager: Shutting down and abandoning module Blutility (494)
[2019.02.04-16.29.11:029][875]LogModuleManager: Shutting down and abandoning module ProjectSettingsViewer (492)
[2019.02.04-16.29.11:029][875]LogModuleManager: Shutting down and abandoning module ProjectTargetPlatformEditor (491)
[2019.02.04-16.29.11:030][875]LogModuleManager: Shutting down and abandoning module EditorSettingsViewer (488)
[2019.02.04-16.29.11:030][875]LogModuleManager: Shutting down and abandoning module SettingsEditor (486)
[2019.02.04-16.29.11:030][875]LogModuleManager: Shutting down and abandoning module ProjectLauncher (484)
[2019.02.04-16.29.11:030][875]LogModuleManager: Shutting down and abandoning module SessionFrontend (482)
[2019.02.04-16.29.11:030][875]LogModuleManager: Shutting down and abandoning module ProfilerClient (480)
[2019.02.04-16.29.11:030][875]LogModuleManager: Shutting down and abandoning module DeviceManager (478)
[2019.02.04-16.29.11:030][875]LogModuleManager: Shutting down and abandoning module TargetDeviceServices (477)
[2019.02.04-16.29.11:093][875]LogModuleManager: Shutting down and abandoning module AutomationController (474)
[2019.02.04-16.29.11:093][875]LogModuleManager: Shutting down and abandoning module AutomationWindow (472)
[2019.02.04-16.29.11:093][875]LogModuleManager: Shutting down and abandoning module Layers (470)
[2019.02.04-16.29.11:093][875]LogModuleManager: Shutting down and abandoning module ComponentVisualizers (468)
[2019.02.04-16.29.11:093][875]LogModuleManager: Shutting down and abandoning module DetailCustomizations (466)
[2019.02.04-16.29.11:093][875]LogModuleManager: Shutting down and abandoning module PackagesDialog (464)
[2019.02.04-16.29.11:093][875]LogModuleManager: Shutting down and abandoning module Persona (462)
[2019.02.04-16.29.11:093][875]LogModuleManager: Shutting down and abandoning module AnimGraph (461)
[2019.02.04-16.29.11:093][875]LogModuleManager: Shutting down and abandoning module Kismet (458)
[2019.02.04-16.29.11:093][875]LogModuleManager: Shutting down and abandoning module GraphEditor (456)
[2019.02.04-16.29.11:093][875]LogModuleManager: Shutting down and abandoning module ClassViewer (454)
[2019.02.04-16.29.11:093][875]LogModuleManager: Shutting down and abandoning module Toolbox (452)
[2019.02.04-16.29.11:093][875]LogModuleManager: Shutting down and abandoning module ModuleUI (450)
[2019.02.04-16.29.11:093][875]LogModuleManager: Shutting down and abandoning module MovieSceneTools (448)
[2019.02.04-16.29.11:094][875]LogModuleManager: Shutting down and abandoning module OutputLog (446)
[2019.02.04-16.29.11:094][875]LogModuleManager: Shutting down and abandoning module GammaUI (444)
[2019.02.04-16.29.11:094][875]LogModuleManager: Shutting down and abandoning module Documentation (442)
[2019.02.04-16.29.11:094][875]LogModuleManager: Shutting down and abandoning module MovieSceneTracks (440)
[2019.02.04-16.29.11:094][875]LogModuleManager: Shutting down and abandoning module MovieScene (438)
[2019.02.04-16.29.11:094][875]LogModuleManager: Shutting down and abandoning module StreamingPauseRendering (436)
[2019.02.04-16.29.11:094][875]LogModuleManager: Shutting down and abandoning module LauncherPlatform (434)
[2019.02.04-16.29.11:094][875]LogModuleManager: Shutting down and abandoning module AnalyticsET (432)
[2019.02.04-16.29.11:094][875]LogModuleManager: Shutting down and abandoning module PortalServices (430)
[2019.02.04-16.29.11:094][875]LogModuleManager: Shutting down and abandoning module PortalRpc (428)
[2019.02.04-16.29.11:094][875]LogModuleManager: Shutting down and abandoning module MessagingRpc (426)
[2019.02.04-16.29.11:094][875]LogModuleManager: Shutting down and abandoning module AIModule (424)
[2019.02.04-16.29.11:094][875]LogModuleManager: Shutting down and abandoning module GameplayDebugger (423)
[2019.02.04-16.29.11:094][875]LogModuleManager: Shutting down and abandoning module AITestSuite (421)
[2019.02.04-16.29.11:094][875]LogModuleManager: Shutting down and abandoning module NavigationSystem (419)
[2019.02.04-16.29.11:094][875]LogModuleManager: Shutting down and abandoning module DesktopPlatform (416)
[2019.02.04-16.29.11:094][875]LogModuleManager: Shutting down and abandoning module ProfilerService (414)
[2019.02.04-16.29.11:297][875]LogModuleManager: Shutting down and abandoning module TaskGraph (412)
[2019.02.04-16.29.11:297][875]LogModuleManager: Shutting down and abandoning module DatasmithCADImporter (410)
[2019.02.04-16.29.11:298][875]LogModuleManager: Shutting down and abandoning module StaticMeshEditorExtension (408)
[2019.02.04-16.29.11:298][875]LogModuleManager: Shutting down and abandoning module StaticMeshEditor (407)
[2019.02.04-16.29.11:300][875]LogModuleManager: Shutting down and abandoning module AdvancedPreviewScene (406)
[2019.02.04-16.29.11:300][875]LogModuleManager: Shutting down and abandoning module DatasmithMDLImporter (402)
[2019.02.04-16.29.11:303][875]LogModuleManager: Shutting down and abandoning module DatasmithImporter (400)
[2019.02.04-16.29.11:303][875]LogModuleManager: Shutting down and abandoning module SteamVRController (398)
[2019.02.04-16.29.11:303][875]LogModuleManager: Shutting down and abandoning module ProceduralMeshComponentEditor (396)
[2019.02.04-16.29.11:303][875]LogModuleManager: Shutting down and abandoning module ProceduralMeshComponent (394)
[2019.02.04-16.29.11:303][875]LogModuleManager: Shutting down and abandoning module OculusInput (392)
[2019.02.04-16.29.11:303][875]LogModuleManager: Shutting down and abandoning module MobilePatchingUtils (390)
[2019.02.04-16.29.11:303][875]LogModuleManager: Shutting down and abandoning module EditableMesh (388)
[2019.02.04-16.29.11:303][875]LogModuleManager: Shutting down and abandoning module CustomMeshComponent (386)
[2019.02.04-16.29.11:303][875]LogModuleManager: Shutting down and abandoning module CableComponent (384)
[2019.02.04-16.29.11:303][875]LogModuleManager: Shutting down and abandoning module AudioCapture (382)
[2019.02.04-16.29.11:303][875]LogModuleManager: Shutting down and abandoning module ArchVisCharacter (380)
[2019.02.04-16.29.11:303][875]LogModuleManager: Shutting down and abandoning module AndroidPermission (378)
[2019.02.04-16.29.11:303][875]LogModuleManager: Shutting down and abandoning module NUTUnrealEngine4 (376)
[2019.02.04-16.29.11:303][875]LogModuleManager: Shutting down and abandoning module NetcodeUnitTest (374)
[2019.02.04-16.29.11:303][875]LogModuleManager: Shutting down and abandoning module MediaCompositingEditor (372)
[2019.02.04-16.29.11:303][875]LogModuleManager: Shutting down and abandoning module MediaCompositing (370)
[2019.02.04-16.29.11:303][875]LogModuleManager: Shutting down and abandoning module LinearTimecode (368)
[2019.02.04-16.29.11:303][875]LogModuleManager: Shutting down and abandoning module ImgMedia (366)
[2019.02.04-16.29.11:306][875]LogModuleManager: Shutting down and abandoning module HTML5Networking (364)
[2019.02.04-16.29.11:306][875]LogModuleManager: Shutting down and abandoning module GeometryCacheTracks (362)
[2019.02.04-16.29.11:307][875]LogModuleManager: Shutting down and abandoning module GeometryCacheSequencer (360)
[2019.02.04-16.29.11:307][875]LogModuleManager: Shutting down and abandoning module BackChannel (358)
[2019.02.04-16.29.11:307][875]LogModuleManager: Shutting down and abandoning module AppleVision (356)
[2019.02.04-16.29.11:307][875]LogModuleManager: Shutting down and abandoning module AppleImageUtils (354)
[2019.02.04-16.29.11:307][875]LogModuleManager: Shutting down and abandoning module AlembicImporter (352)
[2019.02.04-16.29.11:307][875]LogModuleManager: Shutting down and abandoning module AlembicLibrary (351)
[2019.02.04-16.29.11:307][875]LogModuleManager: Shutting down and abandoning module GeometryCache (350)
[2019.02.04-16.29.11:307][875]LogModuleManager: Shutting down and abandoning module GeometryCacheEd (349)
[2019.02.04-16.29.11:307][875]LogModuleManager: Shutting down and abandoning module DatasmithContentEditor (344)
[2019.02.04-16.29.11:307][875]LogModuleManager: Shutting down and abandoning module DatasmithContent (342)
[2019.02.04-16.29.11:307][875]LogModuleManager: Shutting down and abandoning module SpeedTreeImporter (340)
[2019.02.04-16.29.11:307][875]LogModuleManager: Shutting down and abandoning module PluginBrowser (338)
[2019.02.04-16.29.11:307][875]LogModuleManager: Shutting down and abandoning module MobileLauncherProfileWizard (336)
[2019.02.04-16.29.11:307][875]LogModuleManager: Shutting down and abandoning module PolygonModeling (334)
[2019.02.04-16.29.11:307][875]LogModuleManager: Shutting down and abandoning module MeshEditor (332)
[2019.02.04-16.29.11:307][875]LogModuleManager: Shutting down and abandoning module EditorScriptingUtilities (330)
[2019.02.04-16.29.11:307][875]LogModuleManager: Shutting down and abandoning module CryptoKeysOpenSSL (328)
[2019.02.04-16.29.11:307][875]LogModuleManager: Shutting down and abandoning module CryptoKeys (326)
[2019.02.04-16.29.11:307][875]LogModuleManager: Shutting down and abandoning module VisualStudioSourceCodeAccess (324)
[2019.02.04-16.29.11:307][875]LogModuleManager: Shutting down and abandoning module VisualStudioCodeSourceCodeAccess (322)
[2019.02.04-16.29.11:307][875]LogModuleManager: Shutting down and abandoning module UObjectPlugin (320)
[2019.02.04-16.29.11:307][875]LogModuleManager: Shutting down and abandoning module SubversionSourceControl (318)
[2019.02.04-16.29.11:307][875]LogModuleManager: Shutting down and abandoning module PerforceSourceControl (316)
[2019.02.04-16.29.11:307][875]LogModuleManager: Shutting down and abandoning module GitSourceControl (314)
[2019.02.04-16.29.11:307][875]LogModuleManager: Shutting down and abandoning module SourceControl (313)
[2019.02.04-16.29.11:307][875]LogModuleManager: Shutting down and abandoning module CLionSourceCodeAccess (310)
[2019.02.04-16.29.11:307][875]LogModuleManager: Shutting down and abandoning module LightPropagationVolumeEditor (308)
[2019.02.04-16.29.11:307][875]LogModuleManager: Shutting down and abandoning module PaperTiledImporter (306)
[2019.02.04-16.29.11:307][875]LogModuleManager: Shutting down and abandoning module PaperSpriteSheetImporter (304)
[2019.02.04-16.29.11:308][875]LogModuleManager: Shutting down and abandoning module Paper2DEditor (302)
[2019.02.04-16.29.11:308][875]LogModuleManager: Shutting down and abandoning module MeshPaint (301)
[2019.02.04-16.29.11:308][875]LogModuleManager: Shutting down and abandoning module RuntimePhysXCooking (298)
[2019.02.04-16.29.11:308][875]LogModuleManager: Shutting down and abandoning module PhysXVehiclesEditor (296)
[2019.02.04-16.29.11:308][875]LogModuleManager: Shutting down and abandoning module PhysXVehicles (294)
[2019.02.04-16.29.11:308][875]LogModuleManager: Shutting down and abandoning module OculusEditor (292)
[2019.02.04-16.29.11:308][875]LogModuleManager: Shutting down and abandoning module LocationServicesBPLibrary (290)
[2019.02.04-16.29.11:308][875]LogModuleManager: Shutting down and abandoning module ImmediatePhysicsEditor (288)
[2019.02.04-16.29.11:308][875]LogModuleManager: Shutting down and abandoning module ImmediatePhysics (286)
[2019.02.04-16.29.11:308][875]LogModuleManager: Shutting down and abandoning module ActorSequence (284)
[2019.02.04-16.29.11:308][875]LogModuleManager: Shutting down and abandoning module UdpMessaging (282)
[2019.02.04-16.29.11:409][875]LogModuleManager: Shutting down and abandoning module TcpMessaging (280)
[2019.02.04-16.29.11:510][875]LogModuleManager: Shutting down and abandoning module MagicLeapAudio (278)
[2019.02.04-16.29.11:510][875]LogModuleManager: Shutting down and abandoning module GameplayTagsEditor (276)
[2019.02.04-16.29.11:510][875]LogModuleManager: Shutting down and abandoning module FacialAnimationEditor (274)
[2019.02.04-16.29.11:510][875]LogModuleManager: Shutting down and abandoning module FacialAnimation (272)
[2019.02.04-16.29.11:510][875]LogModuleManager: Shutting down and abandoning module DataValidation (270)
[2019.02.04-16.29.11:510][875]LogModuleManager: Shutting down and abandoning module AssetManagerEditor (268)
[2019.02.04-16.29.11:510][875]LogModuleManager: Shutting down and abandoning module LevelEditor (267)
[2019.02.04-16.29.11:510][875]LogModuleManager: Shutting down and abandoning module PixelInspectorModule (266)
[2019.02.04-16.29.11:510][875]LogModuleManager: Shutting down and abandoning module CommonMenuExtensions (264)
[2019.02.04-16.29.11:510][875]LogModuleManager: Shutting down and abandoning module MainFrame (262)
[2019.02.04-16.29.11:510][875]LogModuleManager: Shutting down and abandoning module HotReload (261)
[2019.02.04-16.29.11:510][875]LogModuleManager: Shutting down and abandoning module ContentBrowser (257)
[2019.02.04-16.29.11:511][875]LogModuleManager: Shutting down and abandoning module TreeMap (255)
[2019.02.04-16.29.11:511][875]LogModuleManager: Shutting down and abandoning module LightPropagationVolumeRuntime (252)
[2019.02.04-16.29.11:511][875]LogModuleManager: Shutting down and abandoning module AISupportModule (250)
[2019.02.04-16.29.11:511][875]LogModuleManager: Shutting down and abandoning module Paper2D (248)
[2019.02.04-16.29.11:511][875]LogModuleManager: Shutting down and abandoning module WindowsMoviePlayer (246)
[2019.02.04-16.29.11:511][875]LogModuleManager: Shutting down and abandoning module WmfMedia (244)
[2019.02.04-16.29.11:512][875]LogModuleManager: Shutting down and abandoning module Media (243)
[2019.02.04-16.29.11:519][875]LogModuleManager: Shutting down and abandoning module PacketHandler (240)
[2019.02.04-16.29.11:519][875]LogModuleManager: Shutting down and abandoning module ClothingSystemEditor (238)
[2019.02.04-16.29.11:519][875]LogModuleManager: Shutting down and abandoning module ClothingSystemRuntime (236)
[2019.02.04-16.29.11:519][875]LogModuleManager: Shutting down and abandoning module MediaAssets (234)
[2019.02.04-16.29.11:519][875]LogModuleManager: Shutting down and abandoning module Overlay (232)
[2019.02.04-16.29.11:519][875]LogModuleManager: Shutting down and abandoning module OverlayEditor (231)
[2019.02.04-16.29.11:519][875]LogModuleManager: Shutting down and abandoning module VREditor (228)
[2019.02.04-16.29.11:519][875]LogModuleManager: Shutting down and abandoning module StringTableEditor (226)
[2019.02.04-16.29.11:519][875]LogModuleManager: Shutting down and abandoning module GameplayTasksEditor (224)
[2019.02.04-16.29.11:519][875]LogModuleManager: Shutting down and abandoning module BehaviorTreeEditor (222)
[2019.02.04-16.29.11:519][875]LogModuleManager: Shutting down and abandoning module FunctionalTesting (220)
[2019.02.04-16.29.11:519][875]LogModuleManager: Shutting down and abandoning module CollisionAnalyzer (218)
[2019.02.04-16.29.11:519][875]LogModuleManager: Shutting down and abandoning module WorkspaceMenuStructure (217)
[2019.02.04-16.29.11:519][875]LogModuleManager: Shutting down and abandoning module UMG (214)
[2019.02.04-16.29.11:520][875]LogModuleManager: Shutting down and abandoning module UMGEditor (213)
[2019.02.04-16.29.11:520][875]LogModuleManager: Shutting down and abandoning module Sequencer (212)
[2019.02.04-16.29.11:520][875]LogModuleManager: Shutting down and abandoning module MessageLog (209)
[2019.02.04-16.29.11:520][875]LogModuleManager: Shutting down and abandoning module SlateReflector (204)
[2019.02.04-16.29.11:520][875]LogModuleManager: Shutting down and abandoning module Slate (202)
[2019.02.04-16.29.11:520][875]LogModuleManager: Shutting down and abandoning module EditorStyle (200)
[2019.02.04-16.29.11:521][875]LogModuleManager: Shutting down and abandoning module MRMesh (198)
[2019.02.04-16.29.11:521][875]LogModuleManager: Shutting down and abandoning module SourceCodeAccess (196)
[2019.02.04-16.29.11:521][875]LogModuleManager: Shutting down and abandoning module HeadMountedDisplay (194)
[2019.02.04-16.29.11:521][875]LogModuleManager: Shutting down and abandoning module XAudio2 (192)
[2019.02.04-16.29.11:521][875]LogModuleManager: Shutting down and abandoning module Networking (190)
[2019.02.04-16.29.11:521][875]LogModuleManager: Shutting down and abandoning module Core (188)
[2019.02.04-16.29.11:521][875]LogModuleManager: Shutting down and abandoning module LevelSequence (186)
[2019.02.04-16.29.11:521][875]LogModuleManager: Shutting down and abandoning module KismetCompiler (184)
[2019.02.04-16.29.11:521][875]LogModuleManager: Shutting down and abandoning module MeshUtilities (182)
[2019.02.04-16.29.11:521][875]LogModuleManager: Shutting down and abandoning module MeshMergeUtilities (181)
[2019.02.04-16.29.11:521][875]LogModuleManager: Shutting down and abandoning module MeshReductionInterface (180)
[2019.02.04-16.29.11:521][875]LogModuleManager: Shutting down and abandoning module SimplygonSwarm (179)
[2019.02.04-16.29.11:521][875]LogModuleManager: Shutting down and abandoning module ProxyLODMeshReduction (177)
[2019.02.04-16.29.11:521][875]LogModuleManager: Shutting down and abandoning module SimplygonMeshReduction (175)
[2019.02.04-16.29.11:521][875]LogModuleManager: Shutting down and abandoning module QuadricMeshReduction (173)
[2019.02.04-16.29.11:521][875]LogModuleManager: Shutting down and abandoning module MaterialBaking (169)
[2019.02.04-16.29.11:521][875]LogModuleManager: Shutting down and abandoning module DirectoryWatcher (165)
[2019.02.04-16.29.11:521][875]LogModuleManager: Shutting down and abandoning module DerivedDataCache (162)
[2019.02.04-16.29.11:594][875]LogDerivedDataCache: Shutdown
[2019.02.04-16.29.11:594][875]LogModuleManager: Shutting down and abandoning module XGEController (160)
[2019.02.04-16.29.11:594][875]LogModuleManager: Shutting down and abandoning module TargetPlatform (158)
[2019.02.04-16.29.11:594][875]LogModuleManager: Shutting down and abandoning module VulkanShaderFormat (157)
[2019.02.04-16.29.11:594][875]LogModuleManager: Shutting down and abandoning module ShaderFormatVectorVM (155)
[2019.02.04-16.29.11:594][875]LogModuleManager: Shutting down and abandoning module ShaderFormatOpenGL (153)
[2019.02.04-16.29.11:594][875]LogModuleManager: Shutting down and abandoning module ShaderFormatD3D (151)
[2019.02.04-16.29.11:594][875]LogModuleManager: Shutting down and abandoning module MetalShaderFormat (149)
[2019.02.04-16.29.11:594][875]LogModuleManager: Shutting down and abandoning module TextureFormatUncompressed (147)
[2019.02.04-16.29.11:595][875]LogModuleManager: Shutting down and abandoning module TextureFormatPVR (145)
[2019.02.04-16.29.11:595][875]LogModuleManager: Shutting down and abandoning module TextureFormatDXT (143)
[2019.02.04-16.29.11:595][875]LogModuleManager: Shutting down and abandoning module TextureFormatIntelISPCTexComp (141)
[2019.02.04-16.29.11:595][875]LogModuleManager: Shutting down and abandoning module TextureFormatASTC (139)
[2019.02.04-16.29.11:595][875]LogModuleManager: Shutting down and abandoning module ImageWrapper (138)
[2019.02.04-16.29.11:595][875]LogModuleManager: Shutting down and abandoning module TextureFormatAndroid (135)
[2019.02.04-16.29.11:595][875]LogModuleManager: Shutting down and abandoning module AudioFormatOpus (133)
[2019.02.04-16.29.11:595][875]LogModuleManager: Shutting down and abandoning module AudioFormatOgg (131)
[2019.02.04-16.29.11:595][875]LogModuleManager: Shutting down and abandoning module AudioFormatADPCM (129)
[2019.02.04-16.29.11:595][875]LogModuleManager: Shutting down and abandoning module LuminTargetPlatform (127)
[2019.02.04-16.29.11:595][875]LogModuleManager: Shutting down and abandoning module LinuxTargetPlatform (125)
[2019.02.04-16.29.11:595][875]LogModuleManager: Shutting down and abandoning module LinuxServerTargetPlatform (123)
[2019.02.04-16.29.11:595][875]LogModuleManager: Shutting down and abandoning module LinuxNoEditorTargetPlatform (121)
[2019.02.04-16.29.11:595][875]LogModuleManager: Shutting down and abandoning module LinuxClientTargetPlatform (119)
[2019.02.04-16.29.11:595][875]LogModuleManager: Shutting down and abandoning module TVOSTargetPlatform (117)
[2019.02.04-16.29.11:595][875]LogModuleManager: Shutting down and abandoning module Messaging (115)
[2019.02.04-16.29.11:595][875]LogModuleManager: Shutting down and abandoning module IOSTargetPlatform (113)
[2019.02.04-16.29.11:596][875]LogModuleManager: Shutting down and abandoning module HTML5TargetPlatform (111)
[2019.02.04-16.29.11:596][875]LogModuleManager: Shutting down and abandoning module AndroidTargetPlatform (109)
[2019.02.04-16.29.11:601][875]LogModuleManager: Shutting down and abandoning module WindowsTargetPlatform (107)
[2019.02.04-16.29.11:602][875]LogModuleManager: Shutting down and abandoning module WindowsServerTargetPlatform (105)
[2019.02.04-16.29.11:602][875]LogModuleManager: Shutting down and abandoning module WindowsNoEditorTargetPlatform (103)
[2019.02.04-16.29.11:602][875]LogModuleManager: Shutting down and abandoning module WindowsClientTargetPlatform (101)
[2019.02.04-16.29.11:602][875]LogModuleManager: Shutting down and abandoning module MacTargetPlatform (99)
[2019.02.04-16.29.11:602][875]LogModuleManager: Shutting down and abandoning module MacServerTargetPlatform (97)
[2019.02.04-16.29.11:602][875]LogModuleManager: Shutting down and abandoning module MacNoEditorTargetPlatform (95)
[2019.02.04-16.29.11:602][875]LogModuleManager: Shutting down and abandoning module MacClientTargetPlatform (93)
[2019.02.04-16.29.11:602][875]LogModuleManager: Shutting down and abandoning module AllDesktopTargetPlatform (91)
[2019.02.04-16.29.11:602][875]LogModuleManager: Shutting down and abandoning module InputCore (88)
[2019.02.04-16.29.11:602][875]LogModuleManager: Shutting down and abandoning module Settings (86)
[2019.02.04-16.29.11:602][875]LogModuleManager: Shutting down and abandoning module PhysXCooking (84)
[2019.02.04-16.29.11:602][875]LogModuleManager: Shutting down and abandoning module SteamVR (82)
[2019.02.04-16.29.11:602][875]LogModuleManager: Shutting down and abandoning module OculusHMD (80)
[2019.02.04-16.29.11:602][875]LogModuleManager: Shutting down and abandoning module ExampleDeviceProfileSelector (78)
[2019.02.04-16.29.11:602][875]LogModuleManager: Shutting down and abandoning module LauncherChunkInstaller (76)
[2019.02.04-16.29.11:602][875]LogModuleManager: Shutting down and abandoning module OnlineBlueprintSupport (74)
[2019.02.04-16.29.11:602][875]LogModuleManager: Shutting down and abandoning module OnlineSubsystem (70)
[2019.02.04-16.29.11:603][875]LogModuleManager: Shutting down and abandoning module XMPP (65)
[2019.02.04-16.29.11:604][875]LogModuleManager: Shutting down and abandoning module WebSockets (64)
[2019.02.04-16.29.11:626][875]LogModuleManager: Shutting down and abandoning module HTTP (61)
[2019.02.04-16.29.11:626][875]LogHttp: Display: Http module shutting down, but needs to wait on 1 outstanding Http requests:
[2019.02.04-16.29.11:626][875]LogHttp: Display: 	verb=[POST] url=[https://datarouter.ol.epicgames.com/datarouter/api/v1/public/data?SessionID=%7B4748EDD5-4C0F-A01D-28C4-AE862A0095B5%7D&AppID=UEEditor.Rocket.Release&AppVersion=4.20.3-4369336%2B%2B%2BUE4%2BRelease-4.20&UserID=ad5c871544fc6a68040ce2b3cc6a483a%7C862b485bedcf49af8d9fd83609d792c8%7Ce7b110cc-1a49-4b3b-976f-10b06697675e&AppEnvironment=datacollector-binary&UploadType=eteventstream] status=Processing
[2019.02.04-16.29.11:644][875]LogModuleManager: Shutting down and abandoning module SSL (60)
[2019.02.04-16.29.11:645][875]LogModuleManager: Shutting down and abandoning module MagicLeapEmulator (56)
[2019.02.04-16.29.11:645][875]LogModuleManager: Shutting down and abandoning module MagicLeapPrivileges (54)
[2019.02.04-16.29.11:645][875]LogModuleManager: Shutting down and abandoning module MagicLeapIdentity (52)
[2019.02.04-16.29.11:645][875]LogModuleManager: Shutting down and abandoning module MagicLeapHelperVulkan (50)
[2019.02.04-16.29.11:645][875]LogModuleManager: Shutting down and abandoning module MagicLeapHelperOpenGL (48)
[2019.02.04-16.29.11:645][875]LogModuleManager: Shutting down and abandoning module MagicLeapSecureStorage (46)
[2019.02.04-16.29.11:645][875]LogModuleManager: Shutting down and abandoning module MagicLeapGestures (44)
[2019.02.04-16.29.11:645][875]LogModuleManager: Shutting down and abandoning module MagicLeapEyeTracker (42)
[2019.02.04-16.29.11:645][875]LogModuleManager: Shutting down and abandoning module MagicLeapController (40)
[2019.02.04-16.29.11:645][875]LogSlate: Slate User Destroyed.  User Index 0, Is Virtual User: 0
[2019.02.04-16.29.11:645][875]LogModuleManager: Shutting down and abandoning module MagicLeap (38)
[2019.02.04-16.29.11:645][875]LogModuleManager: Shutting down and abandoning module AnimationModifiers (36)
[2019.02.04-16.29.11:645][875]LogModuleManager: Shutting down and abandoning module PropertyEditor (35)
[2019.02.04-16.29.11:646][875]LogModuleManager: Shutting down and abandoning module AudioEditor (32)
[2019.02.04-16.29.11:646][875]LogModuleManager: Shutting down and abandoning module TextureCompressor (30)
[2019.02.04-16.29.11:646][875]LogModuleManager: Shutting down and abandoning module ShaderCore (28)
[2019.02.04-16.29.11:646][875]LogModuleManager: Shutting down and abandoning module Landscape (26)
[2019.02.04-16.29.11:646][875]LogModuleManager: Shutting down and abandoning module SlateRHIRenderer (24)
[2019.02.04-16.29.11:646][875]LogModuleManager: Shutting down and abandoning module OpenGLDrv (22)
[2019.02.04-16.29.11:646][875]LogModuleManager: Shutting down and abandoning module D3D11RHI (20)
[2019.02.04-16.29.11:646][875]LogModuleManager: Shutting down and abandoning module AnimGraphRuntime (18)
[2019.02.04-16.29.11:646][875]LogModuleManager: Shutting down and abandoning module Renderer (16)
[2019.02.04-16.29.11:646][875]LogModuleManager: Shutting down and abandoning module Engine (14)
[2019.02.04-16.29.11:646][875]LogModuleManager: Shutting down and abandoning module CoreUObject (12)
[2019.02.04-16.29.11:646][875]LogModuleManager: Shutting down and abandoning module NetworkFile (10)
[2019.02.04-16.29.11:647][875]LogModuleManager: Shutting down and abandoning module CookedIterativeFile (8)
[2019.02.04-16.29.11:647][875]LogModuleManager: Shutting down and abandoning module StreamingFile (6)
[2019.02.04-16.29.11:647][875]LogModuleManager: Shutting down and abandoning module SandboxFile (4)
[2019.02.04-16.29.11:647][875]LogModuleManager: Shutting down and abandoning module PakFile (2)
[2019.02.04-16.29.11:652][875]LogExit: Exiting.
[2019.02.04-16.29.11:691][875]Log file closed, 02/04/19 09:29:11
